Log file open, 12/13/22 14:42:07
LogWindows: Failed to load 'aqProf.dll' (GetLastError=126)
LogWindows: File 'aqProf.dll' does not exist
LogWindows: Failed to load 'VtuneApi.dll' (GetLastError=126)
LogWindows: File 'VtuneApi.dll' does not exist
LogWindows: Failed to load 'VtuneApi32e.dll' (GetLastError=126)
LogWindows: File 'VtuneApi32e.dll' does not exist
LogConsoleResponse: Display: Failed to find resolution value strings in scalability ini. Falling back to default.
LogConsoleResponse: Display: Failed to find resolution value strings in scalability ini. Falling back to default.
LogInit: Display: Running engine for game: Larpse
LogPlatformFile: Not using cached read wrapper
LogTaskGraph: Started task graph with 5 named threads and 35 total threads with 3 sets of task threads.
LogStats: Stats thread started at 0.270217
LogICUInternationalization: ICU TimeZone Detection - Raw Offset: -8:00, Platform Override: ''
LogInit: Display: Loading text-based GConfig....
LogPluginManager: Mounting plugin MeshPainting
LogPluginManager: Mounting plugin XGEController
LogPluginManager: Mounting plugin Paper2D
LogPluginManager: Mounting plugin AISupport
LogPluginManager: Mounting plugin LightPropagationVolume
LogPluginManager: Mounting plugin EnvironmentQueryEditor
LogPluginManager: Mounting plugin OodleData
LogPluginManager: Mounting plugin OodleNetwork
LogPluginManager: Mounting plugin CameraShakePreviewer
LogPluginManager: Mounting plugin GameplayCameras
LogPluginManager: Mounting plugin AssetManagerEditor
LogPluginManager: Mounting plugin CryptoKeys
LogPluginManager: Mounting plugin CurveEditorTools
LogPluginManager: Mounting plugin DataValidation
LogPluginManager: Mounting plugin FacialAnimation
LogPluginManager: Mounting plugin GeometryMode
LogPluginManager: Mounting plugin GameplayTagsEditor
LogPluginManager: Mounting plugin MaterialAnalyzer
LogPluginManager: Mounting plugin PluginBrowser
LogPluginManager: Mounting plugin MacGraphicsSwitching
LogPluginManager: Mounting plugin MobileLauncherProfileWizard
LogPluginManager: Mounting plugin SpeedTreeImporter
LogPluginManager: Mounting plugin AlembicImporter
LogPluginManager: Mounting plugin AutomationUtils
LogPluginManager: Mounting plugin BackChannel
LogPluginManager: Mounting plugin ChaosCloth
LogPluginManager: Mounting plugin ChaosSolverPlugin
LogPluginManager: Mounting plugin ChaosEditor
LogPluginManager: Mounting plugin ChaosClothEditor
LogPluginManager: Mounting plugin CharacterAI
LogPluginManager: Mounting plugin ChaosNiagara
LogPluginManager: Mounting plugin GeometryCache
LogPluginManager: Mounting plugin GeometryCollectionPlugin
LogPluginManager: Mounting plugin Niagara
LogPluginManager: Mounting plugin DatasmithContent
LogPluginManager: Mounting plugin GeometryProcessing
LogPluginManager: Mounting plugin VariantManagerContent
LogPluginManager: Mounting plugin MotoSynth
LogPluginManager: Mounting plugin OpenImageDenoise
LogPluginManager: Mounting plugin PlanarCut
LogPluginManager: Mounting plugin PlatformCrypto
LogPluginManager: Mounting plugin PythonScriptPlugin
LogPluginManager: Mounting plugin ProxyLODPlugin
LogPluginManager: Mounting plugin SkeletalReduction
LogPluginManager: Mounting plugin MagicLeap
LogPluginManager: Mounting plugin LuminPlatformFeatures
LogPluginManager: Mounting plugin MagicLeapLightEstimation
LogPluginManager: Mounting plugin MagicLeapMedia
LogPluginManager: Mounting plugin MagicLeapPassableWorld
LogPluginManager: Mounting plugin MLSDK
LogPluginManager: Mounting plugin AndroidMedia
LogPluginManager: Mounting plugin UdpMessaging
LogPluginManager: Mounting plugin AvfMedia
LogPluginManager: Mounting plugin MediaCompositing
LogPluginManager: Mounting plugin ImgMedia
LogPluginManager: Mounting plugin MediaPlayerEditor
LogPluginManager: Mounting plugin TcpMessaging
LogPluginManager: Mounting plugin WebMMedia
LogPluginManager: Mounting plugin WmfMedia
LogPluginManager: Mounting plugin OnlineSubsystem
LogPluginManager: Mounting plugin OnlineSubsystemNull
LogPluginManager: Mounting plugin OnlineSubsystemUtils
LogPluginManager: Mounting plugin LauncherChunkInstaller
LogPluginManager: Mounting plugin ActorSequence
LogPluginManager: Mounting plugin LevelSequenceEditor
LogPluginManager: Mounting plugin MatineeToLevelSequence
LogPluginManager: Mounting plugin TemplateSequence
LogPluginManager: Mounting plugin ActorLayerUtilities
LogPluginManager: Mounting plugin AndroidMoviePlayer
LogPluginManager: Mounting plugin AndroidPermission
LogPluginManager: Mounting plugin AndroidDeviceProfileSelector
LogPluginManager: Mounting plugin ArchVisCharacter
LogPluginManager: Mounting plugin AssetTags
LogPluginManager: Mounting plugin AppleImageUtils
LogPluginManager: Mounting plugin AudioCapture
LogPluginManager: Mounting plugin AudioSynesthesia
LogPluginManager: Mounting plugin ChunkDownloader
LogPluginManager: Mounting plugin CustomMeshComponent
LogPluginManager: Mounting plugin EditableMesh
LogPluginManager: Mounting plugin CableComponent
LogPluginManager: Mounting plugin AppleMoviePlayer
LogPluginManager: Mounting plugin GoogleCloudMessaging
LogPluginManager: Mounting plugin ExampleDeviceProfileSelector
LogPluginManager: Mounting plugin GooglePAD
LogPluginManager: Mounting plugin IOSDeviceProfileSelector
LogPluginManager: Mounting plugin LinuxDeviceProfileSelector
LogPluginManager: Mounting plugin LocationServicesBPLibrary
LogPluginManager: Mounting plugin OpenXREyeTracker
LogPluginManager: Mounting plugin OpenXRHandTracking
LogPluginManager: Mounting plugin MobilePatchingUtils
LogPluginManager: Mounting plugin OpenXR
LogPluginManager: Mounting plugin PhysXVehicles
LogPluginManager: Mounting plugin ScreenshotTools
LogPluginManager: Mounting plugin Takes
LogPluginManager: Mounting plugin PostSplashScreen
LogPluginManager: Mounting plugin ProceduralMeshComponent
LogPluginManager: Mounting plugin PropertyAccessEditor
LogPluginManager: Mounting plugin RuntimePhysXCooking
LogPluginManager: Mounting plugin SignificanceManager
LogPluginManager: Mounting plugin SoundFields
LogPluginManager: Mounting plugin Synthesis
LogPluginManager: Mounting plugin WebMMoviePlayer
LogPluginManager: Mounting plugin WindowsMoviePlayer
LogPluginManager: Mounting plugin LiveLink
LogPluginManager: Mounting plugin AnimationSharing
LogPluginManager: Mounting plugin CodeLiteSourceCodeAccess
LogPluginManager: Mounting plugin CLionSourceCodeAccess
LogPluginManager: Mounting plugin GitSourceControl
LogPluginManager: Mounting plugin KDevelopSourceCodeAccess
LogPluginManager: Mounting plugin PerforceSourceControl
LogPluginManager: Mounting plugin PlasticSourceControl
LogPluginManager: Mounting plugin PixWinPlugin
LogPluginManager: Mounting plugin NullSourceCodeAccess
LogPluginManager: Mounting plugin PropertyAccessNode
LogPluginManager: Mounting plugin PluginUtils
LogPluginManager: Mounting plugin SubversionSourceControl
LogPluginManager: Mounting plugin TextureFormatOodle
LogPluginManager: Mounting plugin VisualStudioCodeSourceCodeAccess
LogPluginManager: Mounting plugin UObjectPlugin
LogPluginManager: Mounting plugin VisualStudioSourceCodeAccess
LogPluginManager: Mounting plugin XCodeSourceCodeAccess
LogPluginManager: Mounting plugin RiderSourceCodeAccess
LogPluginManager: Mounting plugin ContentBrowserAssetDataSource
LogPluginManager: Mounting plugin ContentBrowserClassDataSource
LogPluginManager: Mounting plugin ContentBrowserFileDataSource
LogPluginManager: Mounting plugin OnlineSubsystemGooglePlay
LogPluginManager: Mounting plugin OnlineSubsystemIOS
LogPluginManager: Mounting plugin OculusVR
LogPluginManager: Mounting plugin SteamVR
LogInit: Using libcurl 7.55.1-DEV
LogInit:  - built for x86_64-pc-win32
LogInit:  - supports SSL with OpenSSL/1.1.1
LogInit:  - supports HTTP deflate (compression) using libz 1.2.8
LogInit:  - other features:
LogInit:      CURL_VERSION_SSL
LogInit:      CURL_VERSION_LIBZ
LogInit:      CURL_VERSION_IPV6
LogInit:      CURL_VERSION_ASYNCHDNS
LogInit:      CURL_VERSION_LARGEFILE
LogInit:      CURL_VERSION_IDN
LogInit:  CurlRequestOptions (configurable via config and command line):
LogInit:  - bVerifyPeer = true  - Libcurl will verify peer certificate
LogInit:  - bUseHttpProxy = false  - Libcurl will NOT use HTTP proxy
LogInit:  - bDontReuseConnections = false  - Libcurl will reuse connections
LogInit:  - MaxHostConnections = 16  - Libcurl will limit the number of connections to a host
LogInit:  - LocalHostAddr = Default
LogInit:  - BufferSize = 65536
LogOnline: OSS: Creating online subsystem instance for: NULL
LogInit: WinSock: version 1.1 (2.2), MaxSocks=32767, MaxUdp=65467
LogOnline: OSS: TryLoadSubsystemAndSetDefault: Loaded subsystem for module [NULL]
PixWinPlugin: PIX capture plugin failed to initialize! Check that the process is launched from PIX.
LogOculusPluginWrapper: OculusPlugin initialized successfully
LogHMD: Failed initializing OVRPlugin 1.59.0
LogInit: Build: ++UE4+Release-4.27-CL-18319896
LogInit: Engine Version: 4.27.2-18319896+++UE4+Release-4.27
LogInit: Compatible Engine Version: 4.27.0-17155196+++UE4+Release-4.27
LogInit: Net CL: 17155196
LogInit: OS: Windows 10 (Release 2009) (), CPU: Intel(R) Core(TM) i7-5820K CPU @ 3.30GHz, GPU: NVIDIA GeForce GTX 1080
LogInit: Compiled (64-bit): Nov 30 2021 07:12:08
LogInit: Compiled with Visual C++: 19.24.28315.00
LogInit: Build Configuration: Development
LogInit: Branch Name: ++UE4+Release-4.27
LogInit: Command Line:  -EpicPortal -epicusername=slumbegone -epicuserid=326061266bc04236a2c8d066f2719c13 -epiclocale=en -epicsandboxid=ue
LogInit: Base Directory: C:/Program Files/Epic Games/UE_4.27/Engine/Binaries/Win64/
LogInit: Allocator: TBB
LogInit: Installed Engine Build: 1
LogDevObjectVersion: Number of dev versions registered: 29
LogDevObjectVersion:   Dev-Blueprints (B0D832E4-1F89-4F0D-ACCF-7EB736FD4AA2): 10
LogDevObjectVersion:   Dev-Build (E1C64328-A22C-4D53-A36C-8E866417BD8C): 0
LogDevObjectVersion:   Dev-Core (375EC13C-06E4-48FB-B500-84F0262A717E): 4
LogDevObjectVersion:   Dev-Editor (E4B068ED-F494-42E9-A231-DA0B2E46BB41): 40
LogDevObjectVersion:   Dev-Framework (CFFC743F-43B0-4480-9391-14DF171D2073): 37
LogDevObjectVersion:   Dev-Mobile (B02B49B5-BB20-44E9-A304-32B752E40360): 3
LogDevObjectVersion:   Dev-Networking (A4E4105C-59A1-49B5-A7C5-40C4547EDFEE): 0
LogDevObjectVersion:   Dev-Online (39C831C9-5AE6-47DC-9A44-9C173E1C8E7C): 0
LogDevObjectVersion:   Dev-Physics (78F01B33-EBEA-4F98-B9B4-84EACCB95AA2): 14
LogDevObjectVersion:   Dev-Platform (6631380F-2D4D-43E0-8009-CF276956A95A): 0
LogDevObjectVersion:   Dev-Rendering (12F88B9F-8875-4AFC-A67C-D90C383ABD29): 45
LogDevObjectVersion:   Dev-Sequencer (7B5AE74C-D270-4C10-A958-57980B212A5A): 13
LogDevObjectVersion:   Dev-VR (D7296918-1DD6-4BDD-9DE2-64A83CC13884): 3
LogDevObjectVersion:   Dev-LoadTimes (C2A15278-BFE7-4AFE-6C17-90FF531DF755): 1
LogDevObjectVersion:   Private-Geometry (6EACA3D4-40EC-4CC1-B786-8BED09428FC5): 3
LogDevObjectVersion:   Dev-AnimPhys (29E575DD-E0A3-4627-9D10-D276232CDCEA): 17
LogDevObjectVersion:   Dev-Anim (AF43A65D-7FD3-4947-9873-3E8ED9C1BB05): 15
LogDevObjectVersion:   Dev-ReflectionCapture (6B266CEC-1EC7-4B8F-A30B-E4D90942FC07): 1
LogDevObjectVersion:   Dev-Automation (0DF73D61-A23F-47EA-B727-89E90C41499A): 1
LogDevObjectVersion:   FortniteMain (601D1886-AC64-4F84-AA16-D3DE0DEAC7D6): 47
LogDevObjectVersion:   FortniteRelease (E7086368-6B23-4C58-8439-1B7016265E91): 1
LogDevObjectVersion:   Dev-Enterprise (9DFFBCD6-494F-0158-E221-12823C92A888): 10
LogDevObjectVersion:   Dev-Niagara (F2AED0AC-9AFE-416F-8664-AA7FFA26D6FC): 1
LogDevObjectVersion:   Dev-Destruction (174F1F0B-B4C6-45A5-B13F-2EE8D0FB917D): 10
LogDevObjectVersion:   Dev-Physics-Ext (35F94A83-E258-406C-A318-09F59610247C): 41
LogDevObjectVersion:   Dev-PhysicsMaterial-Chaos (B68FC16E-8B1B-42E2-B453-215C058844FE): 1
LogDevObjectVersion:   Dev-CineCamera (B2E18506-4273-CFC2-A54E-F4BB758BBA07): 1
LogDevObjectVersion:   Dev-VirtualProduction (64F58936-FD1B-42BA-BA96-7289D5D0FA4E): 1
LogDevObjectVersion:   Dev-MediaFramework (6F0ED827-A609-4895-9C91-998D90180EA4): 2
LogInit: Presizing for max 25165824 objects, including 0 objects not considered by GC, pre-allocating 0 bytes for permanent pool.
LogConfig: Applying CVar settings from Section [/Script/Engine.StreamingSettings] File [C:/Users/slumb/OneDrive/Documents/games/Larpse/Larpse/Saved/Config/Windows/Engine.ini]
LogConfig: Setting CVar [[s.MinBulkDataSizeForAsyncLoading:131072]]
LogConfig: Setting CVar [[s.AsyncLoadingThreadEnabled:0]]
LogConfig: Setting CVar [[s.EventDrivenLoaderEnabled:1]]
LogConfig: Setting CVar [[s.WarnIfTimeLimitExceeded:0]]
LogConfig: Setting CVar [[s.TimeLimitExceededMultiplier:1.5]]
LogConfig: Setting CVar [[s.TimeLimitExceededMinTime:0.005]]
LogConfig: Setting CVar [[s.UseBackgroundLevelStreaming:1]]
LogConfig: Setting CVar [[s.PriorityAsyncLoadingExtraTime:15.0]]
LogConfig: Setting CVar [[s.LevelStreamingActorsUpdateTimeLimit:5.0]]
LogConfig: Setting CVar [[s.PriorityLevelStreamingActorsUpdateExtraTime:5.0]]
LogConfig: Setting CVar [[s.LevelStreamingComponentsRegistrationGranularity:10]]
LogConfig: Setting CVar [[s.UnregisterComponentsTimeLimit:1.0]]
LogConfig: Setting CVar [[s.LevelStreamingComponentsUnregistrationGranularity:5]]
LogConfig: Setting CVar [[s.FlushStreamingOnExit:1]]
LogInit: Object subsystem initialized
LogConfig: Setting CVar [[con.DebugEarlyDefault:1]]
LogConfig: Setting CVar [[r.setres:1280x720]]
[2022.12.13-22.42.08:215][  0]LogConfig: Setting CVar [[r.VSync:0]]
[2022.12.13-22.42.08:215][  0]LogConfig: Setting CVar [[r.RHICmdBypass:0]]
[2022.12.13-22.42.08:215][  0]LogConfig: Applying CVar settings from Section [/Script/Engine.RendererSettings] File [C:/Users/slumb/OneDrive/Documents/games/Larpse/Larpse/Saved/Config/Windows/Engine.ini]
[2022.12.13-22.42.08:215][  0]LogConfig: Setting CVar [[r.GPUCrashDebugging:0]]
[2022.12.13-22.42.08:215][  0]LogConfig: Applying CVar settings from Section [/Script/Engine.RendererOverrideSettings] File [C:/Users/slumb/OneDrive/Documents/games/Larpse/Larpse/Saved/Config/Windows/Engine.ini]
[2022.12.13-22.42.08:215][  0]LogConfig: Applying CVar settings from Section [/Script/Engine.StreamingSettings] File [C:/Users/slumb/OneDrive/Documents/games/Larpse/Larpse/Saved/Config/Windows/Engine.ini]
[2022.12.13-22.42.08:215][  0]LogConfig: Setting CVar [[s.MinBulkDataSizeForAsyncLoading:131072]]
[2022.12.13-22.42.08:216][  0]LogConfig: Setting CVar [[s.AsyncLoadingThreadEnabled:0]]
[2022.12.13-22.42.08:216][  0]LogConfig: Setting CVar [[s.EventDrivenLoaderEnabled:1]]
[2022.12.13-22.42.08:216][  0]LogConfig: Setting CVar [[s.WarnIfTimeLimitExceeded:0]]
[2022.12.13-22.42.08:216][  0]LogConfig: Setting CVar [[s.TimeLimitExceededMultiplier:1.5]]
[2022.12.13-22.42.08:216][  0]LogConfig: Setting CVar [[s.TimeLimitExceededMinTime:0.005]]
[2022.12.13-22.42.08:216][  0]LogConfig: Setting CVar [[s.UseBackgroundLevelStreaming:1]]
[2022.12.13-22.42.08:216][  0]LogConfig: Setting CVar [[s.PriorityAsyncLoadingExtraTime:15.0]]
[2022.12.13-22.42.08:216][  0]LogConfig: Setting CVar [[s.LevelStreamingActorsUpdateTimeLimit:5.0]]
[2022.12.13-22.42.08:216][  0]LogConfig: Setting CVar [[s.PriorityLevelStreamingActorsUpdateExtraTime:5.0]]
[2022.12.13-22.42.08:216][  0]LogConfig: Setting CVar [[s.LevelStreamingComponentsRegistrationGranularity:10]]
[2022.12.13-22.42.08:216][  0]LogConfig: Setting CVar [[s.UnregisterComponentsTimeLimit:1.0]]
[2022.12.13-22.42.08:216][  0]LogConfig: Setting CVar [[s.LevelStreamingComponentsUnregistrationGranularity:5]]
[2022.12.13-22.42.08:216][  0]LogConfig: Setting CVar [[s.FlushStreamingOnExit:1]]
[2022.12.13-22.42.08:216][  0]LogConfig: Applying CVar settings from Section [/Script/Engine.GarbageCollectionSettings] File [C:/Users/slumb/OneDrive/Documents/games/Larpse/Larpse/Saved/Config/Windows/Engine.ini]
[2022.12.13-22.42.08:216][  0]LogConfig: Setting CVar [[gc.MaxObjectsNotConsideredByGC:1]]
[2022.12.13-22.42.08:216][  0]LogConfig: Setting CVar [[gc.SizeOfPermanentObjectPool:0]]
[2022.12.13-22.42.08:216][  0]LogConfig: Setting CVar [[gc.FlushStreamingOnGC:0]]
[2022.12.13-22.42.08:216][  0]LogConfig: Setting CVar [[gc.NumRetriesBeforeForcingGC:10]]
[2022.12.13-22.42.08:216][  0]LogConfig: Setting CVar [[gc.AllowParallelGC:1]]
[2022.12.13-22.42.08:216][  0]LogConfig: Setting CVar [[gc.TimeBetweenPurgingPendingKillObjects:61.1]]
[2022.12.13-22.42.08:216][  0]LogConfig: Setting CVar [[gc.MaxObjectsInEditor:25165824]]
[2022.12.13-22.42.08:216][  0]LogConfig: Setting CVar [[gc.IncrementalBeginDestroyEnabled:1]]
[2022.12.13-22.42.08:216][  0]LogConfig: Setting CVar [[gc.CreateGCClusters:1]]
[2022.12.13-22.42.08:216][  0]LogConfig: Setting CVar [[gc.MinGCClusterSize:5]]
[2022.12.13-22.42.08:216][  0]LogConfig: Setting CVar [[gc.ActorClusteringEnabled:0]]
[2022.12.13-22.42.08:216][  0]LogConfig: Setting CVar [[gc.BlueprintClusteringEnabled:0]]
[2022.12.13-22.42.08:216][  0]LogConfig: Setting CVar [[gc.UseDisregardForGCOnDedicatedServers:0]]
[2022.12.13-22.42.08:216][  0]LogConfig: Setting CVar [[gc.MultithreadedDestructionEnabled:1]]
[2022.12.13-22.42.08:216][  0]LogConfig: Applying CVar settings from Section [/Script/Engine.NetworkSettings] File [C:/Users/slumb/OneDrive/Documents/games/Larpse/Larpse/Saved/Config/Windows/Engine.ini]
[2022.12.13-22.42.08:216][  0]LogConfig: Applying CVar settings from Section [/Script/UnrealEd.CookerSettings] File [C:/Users/slumb/OneDrive/Documents/games/Larpse/Larpse/Saved/Config/Windows/Engine.ini]
[2022.12.13-22.42.08:247][  0]LogConfig: Applying CVar settings from Section [ViewDistanceQuality@3] File [C:/Users/slumb/OneDrive/Documents/games/Larpse/Larpse/Saved/Config/Windows/Scalability.ini]
[2022.12.13-22.42.08:247][  0]LogConfig: Setting CVar [[r.SkeletalMeshLODBias:0]]
[2022.12.13-22.42.08:247][  0]LogConfig: Setting CVar [[r.ViewDistanceScale:1.0]]
[2022.12.13-22.42.08:247][  0]LogConfig: Applying CVar settings from Section [AntiAliasingQuality@3] File [C:/Users/slumb/OneDrive/Documents/games/Larpse/Larpse/Saved/Config/Windows/Scalability.ini]
[2022.12.13-22.42.08:247][  0]LogConfig: Setting CVar [[r.PostProcessAAQuality:4]]
[2022.12.13-22.42.08:247][  0]LogConfig: Applying CVar settings from Section [ShadowQuality@3] File [C:/Users/slumb/OneDrive/Documents/games/Larpse/Larpse/Saved/Config/Windows/Scalability.ini]
[2022.12.13-22.42.08:247][  0]LogConfig: Setting CVar [[r.LightFunctionQuality:1]]
[2022.12.13-22.42.08:247][  0]LogConfig: Setting CVar [[r.ShadowQuality:5]]
[2022.12.13-22.42.08:247][  0]LogConfig: Setting CVar [[r.Shadow.CSM.MaxCascades:10]]
[2022.12.13-22.42.08:247][  0]LogConfig: Setting CVar [[r.Shadow.MaxResolution:2048]]
[2022.12.13-22.42.08:247][  0]LogConfig: Setting CVar [[r.Shadow.MaxCSMResolution:2048]]
[2022.12.13-22.42.08:247][  0]LogConfig: Setting CVar [[r.Shadow.RadiusThreshold:0.01]]
[2022.12.13-22.42.08:247][  0]LogConfig: Setting CVar [[r.Shadow.DistanceScale:1.0]]
[2022.12.13-22.42.08:247][  0]LogConfig: Setting CVar [[r.Shadow.CSM.TransitionScale:1.0]]
[2022.12.13-22.42.08:247][  0]LogConfig: Setting CVar [[r.Shadow.PreShadowResolutionFactor:1.0]]
[2022.12.13-22.42.08:247][  0]LogConfig: Setting CVar [[r.DistanceFieldShadowing:1]]
[2022.12.13-22.42.08:247][  0]LogConfig: Setting CVar [[r.DistanceFieldAO:1]]
[2022.12.13-22.42.08:247][  0]LogConfig: Setting CVar [[r.AOQuality:2]]
[2022.12.13-22.42.08:247][  0]LogConfig: Setting CVar [[r.VolumetricFog:1]]
[2022.12.13-22.42.08:247][  0]LogConfig: Setting CVar [[r.VolumetricFog.GridPixelSize:8]]
[2022.12.13-22.42.08:247][  0]LogConfig: Setting CVar [[r.VolumetricFog.GridSizeZ:128]]
[2022.12.13-22.42.08:247][  0]LogConfig: Setting CVar [[r.VolumetricFog.HistoryMissSupersampleCount:4]]
[2022.12.13-22.42.08:247][  0]LogConfig: Setting CVar [[r.LightMaxDrawDistanceScale:1]]
[2022.12.13-22.42.08:247][  0]LogConfig: Setting CVar [[r.CapsuleShadows:1]]
[2022.12.13-22.42.08:247][  0]LogConfig: Applying CVar settings from Section [PostProcessQuality@3] File [C:/Users/slumb/OneDrive/Documents/games/Larpse/Larpse/Saved/Config/Windows/Scalability.ini]
[2022.12.13-22.42.08:247][  0]LogConfig: Setting CVar [[r.MotionBlurQuality:4]]
[2022.12.13-22.42.08:247][  0]LogConfig: Setting CVar [[r.AmbientOcclusionMipLevelFactor:0.4]]
[2022.12.13-22.42.08:247][  0]LogConfig: Setting CVar [[r.AmbientOcclusionMaxQuality:100]]
[2022.12.13-22.42.08:247][  0]LogConfig: Setting CVar [[r.AmbientOcclusionLevels:-1]]
[2022.12.13-22.42.08:247][  0]LogConfig: Setting CVar [[r.AmbientOcclusionRadiusScale:1.0]]
[2022.12.13-22.42.08:247][  0]LogConfig: Setting CVar [[r.DepthOfFieldQuality:2]]
[2022.12.13-22.42.08:247][  0]LogConfig: Setting CVar [[r.RenderTargetPoolMin:400]]
[2022.12.13-22.42.08:247][  0]LogConfig: Setting CVar [[r.LensFlareQuality:2]]
[2022.12.13-22.42.08:247][  0]LogConfig: Setting CVar [[r.SceneColorFringeQuality:1]]
[2022.12.13-22.42.08:247][  0]LogConfig: Setting CVar [[r.EyeAdaptationQuality:2]]
[2022.12.13-22.42.08:247][  0]LogConfig: Setting CVar [[r.BloomQuality:5]]
[2022.12.13-22.42.08:247][  0]LogConfig: Setting CVar [[r.FastBlurThreshold:100]]
[2022.12.13-22.42.08:247][  0]LogConfig: Setting CVar [[r.Upscale.Quality:3]]
[2022.12.13-22.42.08:247][  0]LogConfig: Setting CVar [[r.Tonemapper.GrainQuantization:1]]
[2022.12.13-22.42.08:247][  0]LogConfig: Setting CVar [[r.LightShaftQuality:1]]
[2022.12.13-22.42.08:247][  0]LogConfig: Setting CVar [[r.Filter.SizeScale:1]]
[2022.12.13-22.42.08:247][  0]LogConfig: Setting CVar [[r.Tonemapper.Quality:5]]
[2022.12.13-22.42.08:248][  0]LogConfig: Setting CVar [[r.DOF.Gather.AccumulatorQuality:1        ; higher gathering accumulator quality]]
[2022.12.13-22.42.08:248][  0]LogConfig: Setting CVar [[r.DOF.Gather.PostfilterMethod:1          ; Median3x3 postfilering method]]
[2022.12.13-22.42.08:248][  0]LogConfig: Setting CVar [[r.DOF.Gather.EnableBokehSettings:0       ; no bokeh simulation when gathering]]
[2022.12.13-22.42.08:248][  0]LogConfig: Setting CVar [[r.DOF.Gather.RingCount:4                 ; medium number of samples when gathering]]
[2022.12.13-22.42.08:248][  0]LogConfig: Setting CVar [[r.DOF.Scatter.ForegroundCompositing:1    ; additive foreground scattering]]
[2022.12.13-22.42.08:248][  0]LogConfig: Setting CVar [[r.DOF.Scatter.BackgroundCompositing:2    ; additive background scattering]]
[2022.12.13-22.42.08:248][  0]LogConfig: Setting CVar [[r.DOF.Scatter.EnableBokehSettings:1      ; bokeh simulation when scattering]]
[2022.12.13-22.42.08:248][  0]LogConfig: Setting CVar [[r.DOF.Scatter.MaxSpriteRatio:0.1         ; only a maximum of 10% of scattered bokeh]]
[2022.12.13-22.42.08:248][  0]LogConfig: Setting CVar [[r.DOF.Recombine.Quality:1                ; cheap slight out of focus]]
[2022.12.13-22.42.08:248][  0]LogConfig: Setting CVar [[r.DOF.Recombine.EnableBokehSettings:0    ; no bokeh simulation on slight out of focus]]
[2022.12.13-22.42.08:248][  0]LogConfig: Setting CVar [[r.DOF.TemporalAAQuality:1                ; more stable temporal accumulation]]
[2022.12.13-22.42.08:248][  0]LogConfig: Setting CVar [[r.DOF.Kernel.MaxForegroundRadius:0.025]]
[2022.12.13-22.42.08:248][  0]LogConfig: Setting CVar [[r.DOF.Kernel.MaxBackgroundRadius:0.025]]
[2022.12.13-22.42.08:248][  0]LogConfig: Applying CVar settings from Section [TextureQuality@3] File [C:/Users/slumb/OneDrive/Documents/games/Larpse/Larpse/Saved/Config/Windows/Scalability.ini]
[2022.12.13-22.42.08:248][  0]LogConfig: Setting CVar [[r.Streaming.MipBias:0]]
[2022.12.13-22.42.08:248][  0]LogConfig: Setting CVar [[r.Streaming.AmortizeCPUToGPUCopy:0]]
[2022.12.13-22.42.08:248][  0]LogConfig: Setting CVar [[r.Streaming.MaxNumTexturesToStreamPerFrame:0]]
[2022.12.13-22.42.08:248][  0]LogConfig: Setting CVar [[r.Streaming.Boost:1]]
[2022.12.13-22.42.08:248][  0]LogConfig: Setting CVar [[r.MaxAnisotropy:8]]
[2022.12.13-22.42.08:248][  0]LogConfig: Setting CVar [[r.VT.MaxAnisotropy:8]]
[2022.12.13-22.42.08:248][  0]LogConfig: Setting CVar [[r.Streaming.LimitPoolSizeToVRAM:0]]
[2022.12.13-22.42.08:248][  0]LogConfig: Setting CVar [[r.Streaming.PoolSize:1000]]
[2022.12.13-22.42.08:248][  0]LogConfig: Setting CVar [[r.Streaming.MaxEffectiveScreenSize:0]]
[2022.12.13-22.42.08:248][  0]LogConfig: Applying CVar settings from Section [EffectsQuality@3] File [C:/Users/slumb/OneDrive/Documents/games/Larpse/Larpse/Saved/Config/Windows/Scalability.ini]
[2022.12.13-22.42.08:248][  0]LogConfig: Setting CVar [[r.TranslucencyLightingVolumeDim:64]]
[2022.12.13-22.42.08:248][  0]LogConfig: Setting CVar [[r.RefractionQuality:2]]
[2022.12.13-22.42.08:248][  0]LogConfig: Setting CVar [[r.SSR.Quality:3]]
[2022.12.13-22.42.08:248][  0]LogConfig: Setting CVar [[r.SSR.HalfResSceneColor:0]]
[2022.12.13-22.42.08:248][  0]LogConfig: Setting CVar [[r.SceneColorFormat:4]]
[2022.12.13-22.42.08:248][  0]LogConfig: Setting CVar [[r.DetailMode:2]]
[2022.12.13-22.42.08:248][  0]LogConfig: Setting CVar [[r.TranslucencyVolumeBlur:1]]
[2022.12.13-22.42.08:248][  0]LogConfig: Setting CVar [[r.MaterialQualityLevel:1 ; High quality]]
[2022.12.13-22.42.08:248][  0]LogConfig: Setting CVar [[r.AnisotropicMaterials:1]]
[2022.12.13-22.42.08:248][  0]LogConfig: Setting CVar [[r.SSS.Scale:1]]
[2022.12.13-22.42.08:248][  0]LogConfig: Setting CVar [[r.SSS.SampleSet:2]]
[2022.12.13-22.42.08:248][  0]LogConfig: Setting CVar [[r.SSS.Quality:1]]
[2022.12.13-22.42.08:248][  0]LogConfig: Setting CVar [[r.SSS.HalfRes:0]]
[2022.12.13-22.42.08:248][  0]LogConfig: Setting CVar [[r.SSGI.Quality:3]]
[2022.12.13-22.42.08:248][  0]LogConfig: Setting CVar [[r.EmitterSpawnRateScale:1.0]]
[2022.12.13-22.42.08:248][  0]LogConfig: Setting CVar [[r.ParticleLightQuality:2]]
[2022.12.13-22.42.08:248][  0]LogConfig: Setting CVar [[r.SkyAtmosphere.AerialPerspectiveLUT.FastApplyOnOpaque:1 ; Always have FastSkyLUT 1 in this case to avoid wrong sky]]
[2022.12.13-22.42.08:248][  0]LogConfig: Setting CVar [[r.SkyAtmosphere.AerialPerspectiveLUT.SampleCountMaxPerSlice:4]]
[2022.12.13-22.42.08:248][  0]LogConfig: Setting CVar [[r.SkyAtmosphere.AerialPerspectiveLUT.DepthResolution:16.0]]
[2022.12.13-22.42.08:248][  0]LogConfig: Setting CVar [[r.SkyAtmosphere.FastSkyLUT:1]]
[2022.12.13-22.42.08:248][  0]LogConfig: Setting CVar [[r.SkyAtmosphere.FastSkyLUT.SampleCountMin:4.0]]
[2022.12.13-22.42.08:248][  0]LogConfig: Setting CVar [[r.SkyAtmosphere.FastSkyLUT.SampleCountMax:128.0]]
[2022.12.13-22.42.08:248][  0]LogConfig: Setting CVar [[r.SkyAtmosphere.SampleCountMin:4.0]]
[2022.12.13-22.42.08:248][  0]LogConfig: Setting CVar [[r.SkyAtmosphere.SampleCountMax:128.0]]
[2022.12.13-22.42.08:248][  0]LogConfig: Setting CVar [[r.SkyAtmosphere.TransmittanceLUT.UseSmallFormat:0]]
[2022.12.13-22.42.08:248][  0]LogConfig: Setting CVar [[r.SkyAtmosphere.TransmittanceLUT.SampleCount:10.0]]
[2022.12.13-22.42.08:248][  0]LogConfig: Setting CVar [[r.SkyAtmosphere.MultiScatteringLUT.SampleCount:15.0]]
[2022.12.13-22.42.08:248][  0]LogConfig: Setting CVar [[r.SkyLight.RealTimeReflectionCapture:1]]
[2022.12.13-22.42.08:248][  0]LogConfig: Applying CVar settings from Section [FoliageQuality@3] File [C:/Users/slumb/OneDrive/Documents/games/Larpse/Larpse/Saved/Config/Windows/Scalability.ini]
[2022.12.13-22.42.08:248][  0]LogConfig: Setting CVar [[foliage.DensityScale:1.0]]
[2022.12.13-22.42.08:248][  0]LogConfig: Setting CVar [[grass.DensityScale:1.0]]
[2022.12.13-22.42.08:248][  0]LogConfig: Applying CVar settings from Section [ShadingQuality@3] File [C:/Users/slumb/OneDrive/Documents/games/Larpse/Larpse/Saved/Config/Windows/Scalability.ini]
[2022.12.13-22.42.08:248][  0]LogConfig: Setting CVar [[r.HairStrands.SkyLighting.IntegrationType:2]]
[2022.12.13-22.42.08:248][  0]LogConfig: Setting CVar [[r.HairStrands.SkyAO.SampleCount:4]]
[2022.12.13-22.42.08:248][  0]LogConfig: Setting CVar [[r.HairStrands.Visibility.MSAA.SamplePerPixel:4]]
[2022.12.13-22.42.08:248][  0]LogInit: Selected Device Profile: [Windows]
[2022.12.13-22.42.08:248][  0]LogInit: Applying CVar settings loaded from the selected device profile: [Windows]
[2022.12.13-22.42.08:248][  0]LogHAL: Display: Platform has ~ 32 GB [34266214400 / 34359738368 / 32], which maps to Largest [LargestMinGB=32, LargerMinGB=12, DefaultMinGB=8, SmallerMinGB=6, SmallestMinGB=0)
[2022.12.13-22.42.08:248][  0]LogInit: Going up to parent DeviceProfile []
[2022.12.13-22.42.08:248][  0]LogConfig: Applying CVar settings from Section [ViewDistanceQuality@3] File [C:/Users/slumb/OneDrive/Documents/games/Larpse/Larpse/Saved/Config/Windows/Scalability.ini]
[2022.12.13-22.42.08:248][  0]LogConfig: Setting CVar [[r.SkeletalMeshLODBias:0]]
[2022.12.13-22.42.08:248][  0]LogConfig: Setting CVar [[r.ViewDistanceScale:1.0]]
[2022.12.13-22.42.08:248][  0]LogConfig: Applying CVar settings from Section [AntiAliasingQuality@3] File [C:/Users/slumb/OneDrive/Documents/games/Larpse/Larpse/Saved/Config/Windows/Scalability.ini]
[2022.12.13-22.42.08:248][  0]LogConfig: Setting CVar [[r.PostProcessAAQuality:4]]
[2022.12.13-22.42.08:248][  0]LogConfig: Applying CVar settings from Section [ShadowQuality@3] File [C:/Users/slumb/OneDrive/Documents/games/Larpse/Larpse/Saved/Config/Windows/Scalability.ini]
[2022.12.13-22.42.08:248][  0]LogConfig: Setting CVar [[r.LightFunctionQuality:1]]
[2022.12.13-22.42.08:248][  0]LogConfig: Setting CVar [[r.ShadowQuality:5]]
[2022.12.13-22.42.08:248][  0]LogConfig: Setting CVar [[r.Shadow.CSM.MaxCascades:10]]
[2022.12.13-22.42.08:248][  0]LogConfig: Setting CVar [[r.Shadow.MaxResolution:2048]]
[2022.12.13-22.42.08:248][  0]LogConfig: Setting CVar [[r.Shadow.MaxCSMResolution:2048]]
[2022.12.13-22.42.08:249][  0]LogConfig: Setting CVar [[r.Shadow.RadiusThreshold:0.01]]
[2022.12.13-22.42.08:249][  0]LogConfig: Setting CVar [[r.Shadow.DistanceScale:1.0]]
[2022.12.13-22.42.08:249][  0]LogConfig: Setting CVar [[r.Shadow.CSM.TransitionScale:1.0]]
[2022.12.13-22.42.08:249][  0]LogConfig: Setting CVar [[r.Shadow.PreShadowResolutionFactor:1.0]]
[2022.12.13-22.42.08:249][  0]LogConfig: Setting CVar [[r.DistanceFieldShadowing:1]]
[2022.12.13-22.42.08:249][  0]LogConfig: Setting CVar [[r.DistanceFieldAO:1]]
[2022.12.13-22.42.08:249][  0]LogConfig: Setting CVar [[r.AOQuality:2]]
[2022.12.13-22.42.08:249][  0]LogConfig: Setting CVar [[r.VolumetricFog:1]]
[2022.12.13-22.42.08:249][  0]LogConfig: Setting CVar [[r.VolumetricFog.GridPixelSize:8]]
[2022.12.13-22.42.08:249][  0]LogConfig: Setting CVar [[r.VolumetricFog.GridSizeZ:128]]
[2022.12.13-22.42.08:249][  0]LogConfig: Setting CVar [[r.VolumetricFog.HistoryMissSupersampleCount:4]]
[2022.12.13-22.42.08:249][  0]LogConfig: Setting CVar [[r.LightMaxDrawDistanceScale:1]]
[2022.12.13-22.42.08:249][  0]LogConfig: Setting CVar [[r.CapsuleShadows:1]]
[2022.12.13-22.42.08:249][  0]LogConfig: Applying CVar settings from Section [PostProcessQuality@3] File [C:/Users/slumb/OneDrive/Documents/games/Larpse/Larpse/Saved/Config/Windows/Scalability.ini]
[2022.12.13-22.42.08:249][  0]LogConfig: Setting CVar [[r.MotionBlurQuality:4]]
[2022.12.13-22.42.08:249][  0]LogConfig: Setting CVar [[r.AmbientOcclusionMipLevelFactor:0.4]]
[2022.12.13-22.42.08:249][  0]LogConfig: Setting CVar [[r.AmbientOcclusionMaxQuality:100]]
[2022.12.13-22.42.08:249][  0]LogConfig: Setting CVar [[r.AmbientOcclusionLevels:-1]]
[2022.12.13-22.42.08:249][  0]LogConfig: Setting CVar [[r.AmbientOcclusionRadiusScale:1.0]]
[2022.12.13-22.42.08:249][  0]LogConfig: Setting CVar [[r.DepthOfFieldQuality:2]]
[2022.12.13-22.42.08:249][  0]LogConfig: Setting CVar [[r.RenderTargetPoolMin:400]]
[2022.12.13-22.42.08:249][  0]LogConfig: Setting CVar [[r.LensFlareQuality:2]]
[2022.12.13-22.42.08:249][  0]LogConfig: Setting CVar [[r.SceneColorFringeQuality:1]]
[2022.12.13-22.42.08:249][  0]LogConfig: Setting CVar [[r.EyeAdaptationQuality:2]]
[2022.12.13-22.42.08:249][  0]LogConfig: Setting CVar [[r.BloomQuality:5]]
[2022.12.13-22.42.08:249][  0]LogConfig: Setting CVar [[r.FastBlurThreshold:100]]
[2022.12.13-22.42.08:249][  0]LogConfig: Setting CVar [[r.Upscale.Quality:3]]
[2022.12.13-22.42.08:249][  0]LogConfig: Setting CVar [[r.Tonemapper.GrainQuantization:1]]
[2022.12.13-22.42.08:249][  0]LogConfig: Setting CVar [[r.LightShaftQuality:1]]
[2022.12.13-22.42.08:249][  0]LogConfig: Setting CVar [[r.Filter.SizeScale:1]]
[2022.12.13-22.42.08:249][  0]LogConfig: Setting CVar [[r.Tonemapper.Quality:5]]
[2022.12.13-22.42.08:249][  0]LogConfig: Setting CVar [[r.DOF.Gather.AccumulatorQuality:1        ; higher gathering accumulator quality]]
[2022.12.13-22.42.08:249][  0]LogConfig: Setting CVar [[r.DOF.Gather.PostfilterMethod:1          ; Median3x3 postfilering method]]
[2022.12.13-22.42.08:249][  0]LogConfig: Setting CVar [[r.DOF.Gather.EnableBokehSettings:0       ; no bokeh simulation when gathering]]
[2022.12.13-22.42.08:249][  0]LogConfig: Setting CVar [[r.DOF.Gather.RingCount:4                 ; medium number of samples when gathering]]
[2022.12.13-22.42.08:249][  0]LogConfig: Setting CVar [[r.DOF.Scatter.ForegroundCompositing:1    ; additive foreground scattering]]
[2022.12.13-22.42.08:249][  0]LogConfig: Setting CVar [[r.DOF.Scatter.BackgroundCompositing:2    ; additive background scattering]]
[2022.12.13-22.42.08:249][  0]LogConfig: Setting CVar [[r.DOF.Scatter.EnableBokehSettings:1      ; bokeh simulation when scattering]]
[2022.12.13-22.42.08:249][  0]LogConfig: Setting CVar [[r.DOF.Scatter.MaxSpriteRatio:0.1         ; only a maximum of 10% of scattered bokeh]]
[2022.12.13-22.42.08:249][  0]LogConfig: Setting CVar [[r.DOF.Recombine.Quality:1                ; cheap slight out of focus]]
[2022.12.13-22.42.08:249][  0]LogConfig: Setting CVar [[r.DOF.Recombine.EnableBokehSettings:0    ; no bokeh simulation on slight out of focus]]
[2022.12.13-22.42.08:249][  0]LogConfig: Setting CVar [[r.DOF.TemporalAAQuality:1                ; more stable temporal accumulation]]
[2022.12.13-22.42.08:249][  0]LogConfig: Setting CVar [[r.DOF.Kernel.MaxForegroundRadius:0.025]]
[2022.12.13-22.42.08:249][  0]LogConfig: Setting CVar [[r.DOF.Kernel.MaxBackgroundRadius:0.025]]
[2022.12.13-22.42.08:249][  0]LogConfig: Applying CVar settings from Section [TextureQuality@3] File [C:/Users/slumb/OneDrive/Documents/games/Larpse/Larpse/Saved/Config/Windows/Scalability.ini]
[2022.12.13-22.42.08:249][  0]LogConfig: Setting CVar [[r.Streaming.MipBias:0]]
[2022.12.13-22.42.08:249][  0]LogConfig: Setting CVar [[r.Streaming.AmortizeCPUToGPUCopy:0]]
[2022.12.13-22.42.08:249][  0]LogConfig: Setting CVar [[r.Streaming.MaxNumTexturesToStreamPerFrame:0]]
[2022.12.13-22.42.08:249][  0]LogConfig: Setting CVar [[r.Streaming.Boost:1]]
[2022.12.13-22.42.08:249][  0]LogConfig: Setting CVar [[r.MaxAnisotropy:8]]
[2022.12.13-22.42.08:249][  0]LogConfig: Setting CVar [[r.VT.MaxAnisotropy:8]]
[2022.12.13-22.42.08:249][  0]LogConfig: Setting CVar [[r.Streaming.LimitPoolSizeToVRAM:0]]
[2022.12.13-22.42.08:249][  0]LogConfig: Setting CVar [[r.Streaming.PoolSize:1000]]
[2022.12.13-22.42.08:249][  0]LogConfig: Setting CVar [[r.Streaming.MaxEffectiveScreenSize:0]]
[2022.12.13-22.42.08:249][  0]LogConfig: Applying CVar settings from Section [EffectsQuality@3] File [C:/Users/slumb/OneDrive/Documents/games/Larpse/Larpse/Saved/Config/Windows/Scalability.ini]
[2022.12.13-22.42.08:249][  0]LogConfig: Setting CVar [[r.TranslucencyLightingVolumeDim:64]]
[2022.12.13-22.42.08:249][  0]LogConfig: Setting CVar [[r.RefractionQuality:2]]
[2022.12.13-22.42.08:249][  0]LogConfig: Setting CVar [[r.SSR.Quality:3]]
[2022.12.13-22.42.08:249][  0]LogConfig: Setting CVar [[r.SSR.HalfResSceneColor:0]]
[2022.12.13-22.42.08:249][  0]LogConfig: Setting CVar [[r.SceneColorFormat:4]]
[2022.12.13-22.42.08:249][  0]LogConfig: Setting CVar [[r.DetailMode:2]]
[2022.12.13-22.42.08:249][  0]LogConfig: Setting CVar [[r.TranslucencyVolumeBlur:1]]
[2022.12.13-22.42.08:249][  0]LogConfig: Setting CVar [[r.MaterialQualityLevel:1 ; High quality]]
[2022.12.13-22.42.08:249][  0]LogConfig: Setting CVar [[r.AnisotropicMaterials:1]]
[2022.12.13-22.42.08:249][  0]LogConfig: Setting CVar [[r.SSS.Scale:1]]
[2022.12.13-22.42.08:249][  0]LogConfig: Setting CVar [[r.SSS.SampleSet:2]]
[2022.12.13-22.42.08:249][  0]LogConfig: Setting CVar [[r.SSS.Quality:1]]
[2022.12.13-22.42.08:249][  0]LogConfig: Setting CVar [[r.SSS.HalfRes:0]]
[2022.12.13-22.42.08:249][  0]LogConfig: Setting CVar [[r.SSGI.Quality:3]]
[2022.12.13-22.42.08:249][  0]LogConfig: Setting CVar [[r.EmitterSpawnRateScale:1.0]]
[2022.12.13-22.42.08:249][  0]LogConfig: Setting CVar [[r.ParticleLightQuality:2]]
[2022.12.13-22.42.08:249][  0]LogConfig: Setting CVar [[r.SkyAtmosphere.AerialPerspectiveLUT.FastApplyOnOpaque:1 ; Always have FastSkyLUT 1 in this case to avoid wrong sky]]
[2022.12.13-22.42.08:249][  0]LogConfig: Setting CVar [[r.SkyAtmosphere.AerialPerspectiveLUT.SampleCountMaxPerSlice:4]]
[2022.12.13-22.42.08:249][  0]LogConfig: Setting CVar [[r.SkyAtmosphere.AerialPerspectiveLUT.DepthResolution:16.0]]
[2022.12.13-22.42.08:249][  0]LogConfig: Setting CVar [[r.SkyAtmosphere.FastSkyLUT:1]]
[2022.12.13-22.42.08:249][  0]LogConfig: Setting CVar [[r.SkyAtmosphere.FastSkyLUT.SampleCountMin:4.0]]
[2022.12.13-22.42.08:249][  0]LogConfig: Setting CVar [[r.SkyAtmosphere.FastSkyLUT.SampleCountMax:128.0]]
[2022.12.13-22.42.08:249][  0]LogConfig: Setting CVar [[r.SkyAtmosphere.SampleCountMin:4.0]]
[2022.12.13-22.42.08:249][  0]LogConfig: Setting CVar [[r.SkyAtmosphere.SampleCountMax:128.0]]
[2022.12.13-22.42.08:249][  0]LogConfig: Setting CVar [[r.SkyAtmosphere.TransmittanceLUT.UseSmallFormat:0]]
[2022.12.13-22.42.08:249][  0]LogConfig: Setting CVar [[r.SkyAtmosphere.TransmittanceLUT.SampleCount:10.0]]
[2022.12.13-22.42.08:249][  0]LogConfig: Setting CVar [[r.SkyAtmosphere.MultiScatteringLUT.SampleCount:15.0]]
[2022.12.13-22.42.08:249][  0]LogConfig: Setting CVar [[r.SkyLight.RealTimeReflectionCapture:1]]
[2022.12.13-22.42.08:249][  0]LogConfig: Applying CVar settings from Section [FoliageQuality@3] File [C:/Users/slumb/OneDrive/Documents/games/Larpse/Larpse/Saved/Config/Windows/Scalability.ini]
[2022.12.13-22.42.08:250][  0]LogConfig: Setting CVar [[foliage.DensityScale:1.0]]
[2022.12.13-22.42.08:250][  0]LogConfig: Setting CVar [[grass.DensityScale:1.0]]
[2022.12.13-22.42.08:250][  0]LogConfig: Applying CVar settings from Section [ShadingQuality@3] File [C:/Users/slumb/OneDrive/Documents/games/Larpse/Larpse/Saved/Config/Windows/Scalability.ini]
[2022.12.13-22.42.08:250][  0]LogConfig: Setting CVar [[r.HairStrands.SkyLighting.IntegrationType:2]]
[2022.12.13-22.42.08:250][  0]LogConfig: Setting CVar [[r.HairStrands.SkyAO.SampleCount:4]]
[2022.12.13-22.42.08:250][  0]LogConfig: Setting CVar [[r.HairStrands.Visibility.MSAA.SamplePerPixel:4]]
[2022.12.13-22.42.08:250][  0]LogConfig: Applying CVar settings from Section [Startup] File [../../../Engine/Config/ConsoleVariables.ini]
[2022.12.13-22.42.08:250][  0]LogConfig: Setting CVar [[net.UseAdaptiveNetUpdateFrequency:0]]
[2022.12.13-22.42.08:250][  0]LogConfig: Setting CVar [[p.chaos.AllowCreatePhysxBodies:1]]
[2022.12.13-22.42.08:250][  0]LogConfig: Setting CVar [[fx.SkipVectorVMBackendOptimizations:1]]
[2022.12.13-22.42.08:250][  0]LogConfig: Applying CVar settings from Section [ConsoleVariables] File [C:/Users/slumb/OneDrive/Documents/games/Larpse/Larpse/Saved/Config/Windows/Engine.ini]
[2022.12.13-22.42.08:250][  0]LogConfig: Applying CVar settings from Section [ConsoleVariables] File [C:/Users/slumb/OneDrive/Documents/games/Larpse/Larpse/Saved/Config/Windows/Editor.ini]
[2022.12.13-22.42.08:250][  0]LogInit: Computer: DESKTOP-23VMMCK
[2022.12.13-22.42.08:250][  0]LogInit: User: slumb
[2022.12.13-22.42.08:250][  0]LogInit: CPU Page size=4096, Cores=6
[2022.12.13-22.42.08:250][  0]LogInit: High frequency timer resolution =10.000000 MHz
[2022.12.13-22.42.08:250][  0]LogMemory: Memory total: Physical=31.9GB (32GB approx)
[2022.12.13-22.42.08:250][  0]LogMemory: Platform Memory Stats for Windows
[2022.12.13-22.42.08:250][  0]LogMemory: Process Physical Memory: 144.18 MB used, 144.18 MB peak
[2022.12.13-22.42.08:250][  0]LogMemory: Process Virtual Memory: 129.73 MB used, 129.73 MB peak
[2022.12.13-22.42.08:250][  0]LogMemory: Physical Memory: 10560.43 MB used,  22118.38 MB free, 32678.81 MB total
[2022.12.13-22.42.08:250][  0]LogMemory: Virtual Memory: 134195360.00 MB used,  22366.63 MB free, 134217728.00 MB total
[2022.12.13-22.42.08:260][  0]LogWindows: WindowsPlatformFeatures enabled
[2022.12.13-22.42.08:303][  0]LogInit: Physics initialised using underlying interface: PhysX
[2022.12.13-22.42.08:304][  0]LogDirectoryWatcher: Display: Failed initialise directory notification handle for 'C:/Users/slumb/OneDrive/Documents/games/Larpse/Larpse/Content/', and we were unable to create a new request. GetLastError code [2]
[2022.12.13-22.42.08:304][  0]LogDirectoryWatcher: Warning: Failed to begin reading directory changes for ../../../../../../Users/slumb/OneDrive/Documents/games/Larpse/Larpse/Content/. Error: The operation completed successfully. (0x00000000)
[2022.12.13-22.42.08:304][  0]LogInit: Using OS detected language (en-US).
[2022.12.13-22.42.08:304][  0]LogInit: Using OS detected locale (en-US).
[2022.12.13-22.42.08:307][  0]LogTextLocalizationManager: No specific localization for 'en-US' exists, so the 'en' localization will be used.
[2022.12.13-22.42.08:512][  0]LogInit: Setting process to per monitor DPI aware
[2022.12.13-22.42.08:540][  0]LogWindowsTextInputMethodSystem: Display: IME system deactivated.
[2022.12.13-22.42.08:563][  0]LogSlate: New Slate User Created.  User Index 0, Is Virtual User: 0
[2022.12.13-22.42.08:563][  0]LogSlate: Slate User Registered.  User Index 0, Is Virtual User: 0
[2022.12.13-22.42.08:725][  0]LogD3D11RHI: Loaded GFSDK_Aftermath_Lib.x64.dll
[2022.12.13-22.42.08:727][  0]LogHMD: Failed to initialize OpenVR with code 110
[2022.12.13-22.42.08:727][  0]LogD3D11RHI: D3D11 min allowed feature level: 11_0
[2022.12.13-22.42.08:727][  0]LogD3D11RHI: D3D11 max allowed feature level: 11_0
[2022.12.13-22.42.08:727][  0]LogD3D11RHI: D3D11 adapters:
[2022.12.13-22.42.08:866][  0]LogD3D11RHI:    0. 'NVIDIA GeForce GTX 1080' (Feature Level 11_0)
[2022.12.13-22.42.08:866][  0]LogD3D11RHI:       8072/0/16339 MB DedicatedVideo/DedicatedSystem/SharedSystem, Outputs:2, VendorId:0x10de
[2022.12.13-22.42.08:868][  0]LogD3D11RHI:    1. 'Microsoft Basic Render Driver' (Feature Level 11_0)
[2022.12.13-22.42.08:868][  0]LogD3D11RHI:       0/0/16339 MB DedicatedVideo/DedicatedSystem/SharedSystem, Outputs:0, VendorId:0x1414
[2022.12.13-22.42.08:868][  0]LogD3D11RHI: Chosen D3D11 Adapter:
[2022.12.13-22.42.08:868][  0]LogD3D11RHI:     Description : NVIDIA GeForce GTX 1080
[2022.12.13-22.42.08:868][  0]LogD3D11RHI:     VendorId    : 10de
[2022.12.13-22.42.08:868][  0]LogD3D11RHI:     DeviceId    : 1b80
[2022.12.13-22.42.08:868][  0]LogD3D11RHI:     SubSysId    : 119e10de
[2022.12.13-22.42.08:868][  0]LogD3D11RHI:     Revision    : 00a1
[2022.12.13-22.42.08:868][  0]LogD3D11RHI:     DedicatedVideoMemory : 8464105472 bytes
[2022.12.13-22.42.08:868][  0]LogD3D11RHI:     DedicatedSystemMemory : 0 bytes
[2022.12.13-22.42.08:868][  0]LogD3D11RHI:     SharedSystemMemory : 17133107200 bytes
[2022.12.13-22.42.08:868][  0]LogD3D11RHI:     AdapterLuid : 0 46198
[2022.12.13-22.42.08:873][  0]LogD3D11RHI: Creating new Direct3DDevice
[2022.12.13-22.42.08:873][  0]LogD3D11RHI:     GPU DeviceId: 0x1b80 (for the marketing name, search the web for "GPU Device Id")
[2022.12.13-22.42.08:873][  0]LogWindows: EnumDisplayDevices:
[2022.12.13-22.42.08:874][  0]LogWindows:    0. 'NVIDIA GeForce GTX 1080' (P:1 D:1)
[2022.12.13-22.42.08:874][  0]LogWindows:    1. 'NVIDIA GeForce GTX 1080' (P:0 D:1)
[2022.12.13-22.42.08:874][  0]LogWindows:    2. 'NVIDIA GeForce GTX 1080' (P:0 D:0)
[2022.12.13-22.42.08:874][  0]LogWindows:    3. 'NVIDIA GeForce GTX 1080' (P:0 D:0)
[2022.12.13-22.42.08:874][  0]LogWindows: DebugString: FoundDriverCount:4 
[2022.12.13-22.42.08:874][  0]LogD3D11RHI:     Adapter Name: NVIDIA GeForce GTX 1080
[2022.12.13-22.42.08:874][  0]LogD3D11RHI:   Driver Version: 526.86 (internal:31.0.15.2686, unified:526.86)
[2022.12.13-22.42.08:874][  0]LogD3D11RHI:      Driver Date: 11-8-2022
[2022.12.13-22.42.08:874][  0]LogRHI: Texture pool is 5650 MB (70% of 8072 MB)
[2022.12.13-22.42.08:874][  0]LogD3D11RHI: Creating D3DDevice using adapter:
[2022.12.13-22.42.08:874][  0]LogD3D11RHI:     Description : NVIDIA GeForce GTX 1080
[2022.12.13-22.42.08:874][  0]LogD3D11RHI:     VendorId    : 10de
[2022.12.13-22.42.08:874][  0]LogD3D11RHI:     DeviceId    : 1b80
[2022.12.13-22.42.08:874][  0]LogD3D11RHI:     SubSysId    : 119e10de
[2022.12.13-22.42.08:875][  0]LogD3D11RHI:     Revision    : 00a1
[2022.12.13-22.42.08:875][  0]LogD3D11RHI:     DedicatedVideoMemory : 8464105472 bytes
[2022.12.13-22.42.08:875][  0]LogD3D11RHI:     DedicatedSystemMemory : 0 bytes
[2022.12.13-22.42.08:875][  0]LogD3D11RHI:     SharedSystemMemory : 17133107200 bytes
[2022.12.13-22.42.08:875][  0]LogD3D11RHI:     AdapterLuid : 0 46198
[2022.12.13-22.42.08:953][  0]LogD3D11RHI: RHI has support for 64 bit atomics
[2022.12.13-22.42.08:954][  0]LogD3D11RHI: Async texture creation enabled
[2022.12.13-22.42.08:954][  0]LogD3D11RHI: Array index from any shader is supported
[2022.12.13-22.42.08:973][  0]LogD3D11RHI: GPU Timing Frequency: 1000.000000 (Debug: 2 1)
[2022.12.13-22.42.09:020][  0]LogRHI: GeForceNow SDK initialized: 1
[2022.12.13-22.42.09:428][  0]LogTargetPlatformManager: Display: Loaded TargetPlatform 'AllDesktop'
[2022.12.13-22.42.09:457][  0]LogTargetPlatformManager: Display: Loaded TargetPlatform 'Android'
[2022.12.13-22.42.09:457][  0]LogTargetPlatformManager: Display: Loaded TargetPlatform 'Android_ASTC'
[2022.12.13-22.42.09:457][  0]LogTargetPlatformManager: Display: Loaded TargetPlatform 'Android_DXT'
[2022.12.13-22.42.09:457][  0]LogTargetPlatformManager: Display: Loaded TargetPlatform 'Android_ETC2'
[2022.12.13-22.42.09:457][  0]LogTargetPlatformManager: Display: Loaded TargetPlatform 'AndroidClient'
[2022.12.13-22.42.09:457][  0]LogTargetPlatformManager: Display: Loaded TargetPlatform 'Android_ASTCClient'
[2022.12.13-22.42.09:457][  0]LogTargetPlatformManager: Display: Loaded TargetPlatform 'Android_DXTClient'
[2022.12.13-22.42.09:457][  0]LogTargetPlatformManager: Display: Loaded TargetPlatform 'Android_ETC2Client'
[2022.12.13-22.42.09:457][  0]LogTargetPlatformManager: Display: Loaded TargetPlatform 'Android_Multi'
[2022.12.13-22.42.09:457][  0]LogTargetPlatformManager: Display: Loaded TargetPlatform 'Android_MultiClient'
[2022.12.13-22.42.09:488][  0]LogTargetPlatformManager: Display: Loaded TargetPlatform 'IOSClient'
[2022.12.13-22.42.09:488][  0]LogTargetPlatformManager: Display: Loaded TargetPlatform 'IOS'
[2022.12.13-22.42.09:498][  0]LogTargetPlatformManager: Display: Loaded TargetPlatform 'Linux'
[2022.12.13-22.42.09:502][  0]LogTargetPlatformManager: Display: Loaded TargetPlatform 'LinuxNoEditor'
[2022.12.13-22.42.09:507][  0]LogTargetPlatformManager: Display: Loaded TargetPlatform 'LinuxClient'
[2022.12.13-22.42.09:511][  0]LogTargetPlatformManager: Display: Loaded TargetPlatform 'LinuxServer'
[2022.12.13-22.42.09:520][  0]LogTargetPlatformManager: Display: Loaded TargetPlatform 'LinuxAArch64NoEditor'
[2022.12.13-22.42.09:524][  0]LogTargetPlatformManager: Display: Loaded TargetPlatform 'LinuxAArch64Client'
[2022.12.13-22.42.09:529][  0]LogTargetPlatformManager: Display: Loaded TargetPlatform 'LinuxAArch64Server'
[2022.12.13-22.42.09:554][  0]LogTargetPlatformManager: Display: Loaded TargetPlatform 'Lumin'
[2022.12.13-22.42.09:554][  0]LogTargetPlatformManager: Display: Loaded TargetPlatform 'LuminClient'
[2022.12.13-22.42.09:562][  0]LogTargetPlatformManager: Display: Loaded TargetPlatform 'MacNoEditor'
[2022.12.13-22.42.09:566][  0]LogTargetPlatformManager: Display: Loaded TargetPlatform 'Mac'
[2022.12.13-22.42.09:570][  0]LogTargetPlatformManager: Display: Loaded TargetPlatform 'MacClient'
[2022.12.13-22.42.09:575][  0]LogTargetPlatformManager: Display: Loaded TargetPlatform 'MacServer'
[2022.12.13-22.42.09:585][  0]LogTargetPlatformManager: Display: Loaded TargetPlatform 'TVOSClient'
[2022.12.13-22.42.09:585][  0]LogTargetPlatformManager: Display: Loaded TargetPlatform 'TVOS'
[2022.12.13-22.42.09:594][  0]LogTargetPlatformManager: Display: Loaded TargetPlatform 'WindowsNoEditor'
[2022.12.13-22.42.09:598][  0]LogTargetPlatformManager: Display: Loaded TargetPlatform 'Windows'
[2022.12.13-22.42.09:603][  0]LogTargetPlatformManager: Display: Loaded TargetPlatform 'WindowsClient'
[2022.12.13-22.42.09:607][  0]LogTargetPlatformManager: Display: Loaded TargetPlatform 'WindowsServer'
[2022.12.13-22.42.09:607][  0]LogTargetPlatformManager: Display: Building Assets For Windows
[2022.12.13-22.42.09:614][  0]LogAudioDebug: Display: Lib vorbis DLL was dynamically loaded.
[2022.12.13-22.42.09:645][  0]LogTextureFormatOodle: Display: Oodle Texture 2.9.0 init RDO Off
[2022.12.13-22.42.09:675][  0]LogRendererCore: Ray tracing is disabled. Reason: r.RayTracing=0.
[2022.12.13-22.42.09:675][  0]LogShaderCompilers: Guid format shader working directory is -23 characters bigger than the processId version (../../../../../../Users/slumb/OneDrive/Documents/games/Larpse/Larpse/Intermediate/Shaders/WorkingDirectory/20500/).
[2022.12.13-22.42.09:675][  0]LogShaderCompilers: Cleaned the shader compiler working directory 'C:/Users/slumb/AppData/Local/Temp/UnrealShaderWorkingDir/66ECE90C4D4F2A38E87CABAB4364A2F0/'.
[2022.12.13-22.42.09:675][  0]LogXGEController: Cannot use XGE Controller as Incredibuild is not installed on this machine.
[2022.12.13-22.42.09:675][  0]LogShaderCompilers: Cannot use XGE Shader Compiler as Incredibuild is not installed on this machine.
[2022.12.13-22.42.09:675][  0]LogShaderCompilers: Display: Using Local Shader Compiler.
[2022.12.13-22.42.10:498][  0]LogDerivedDataCache: Display: Max Cache Size: 512 MB
[2022.12.13-22.42.10:571][  0]LogDerivedDataCache: Loaded boot cache 0.07s 94MB C:/Users/slumb/AppData/Local/UnrealEngine/4.27/DerivedDataCache/Boot.ddc.
[2022.12.13-22.42.10:571][  0]LogDerivedDataCache: Display: Loaded Boot cache: C:/Users/slumb/AppData/Local/UnrealEngine/4.27/DerivedDataCache/Boot.ddc
[2022.12.13-22.42.10:571][  0]LogDerivedDataCache: FDerivedDataBackendGraph:  Pak pak cache file ../../../../../../Users/slumb/OneDrive/Documents/games/Larpse/Larpse/DerivedDataCache/DDC.ddp not found, will not use a pak cache.
[2022.12.13-22.42.10:571][  0]LogDerivedDataCache: Unable to find inner node Pak for hierarchical cache Hierarchy.
[2022.12.13-22.42.10:571][  0]LogDerivedDataCache: FDerivedDataBackendGraph:  CompressedPak pak cache file ../../../../../../Users/slumb/OneDrive/Documents/games/Larpse/Larpse/DerivedDataCache/Compressed.ddp not found, will not use a pak cache.
[2022.12.13-22.42.10:571][  0]LogDerivedDataCache: Unable to find inner node CompressedPak for hierarchical cache Hierarchy.
[2022.12.13-22.42.10:589][  0]LogDerivedDataCache: Display: Pak cache opened for reading ../../../Engine/DerivedDataCache/Compressed.ddp.
[2022.12.13-22.42.10:589][  0]LogDerivedDataCache: FDerivedDataBackendGraph:  EnterprisePak pak cache file ../../../Enterprise/DerivedDataCache/Compressed.ddp not found, will not use a pak cache.
[2022.12.13-22.42.10:589][  0]LogDerivedDataCache: Unable to find inner node EnterprisePak for hierarchical cache Hierarchy.
[2022.12.13-22.42.10:595][  0]LogDerivedDataCache: Speed tests for C:/Users/slumb/AppData/Local/UnrealEngine/Common/DerivedDataCache took 0.01 seconds
[2022.12.13-22.42.10:595][  0]LogDerivedDataCache: Display: Performance to C:/Users/slumb/AppData/Local/UnrealEngine/Common/DerivedDataCache: Latency=0.03ms. RandomReadSpeed=946.54MBs, RandomWriteSpeed=191.06MBs. Assigned SpeedClass 'Local'
[2022.12.13-22.42.10:596][  0]LogDerivedDataCache: Using Local data cache path C:/Users/slumb/AppData/Local/UnrealEngine/Common/DerivedDataCache: Writable
[2022.12.13-22.42.10:596][  0]LogDerivedDataCache: Shared data cache path not found in *engine.ini, will not use an Shared cache.
[2022.12.13-22.42.10:596][  0]LogDerivedDataCache: Unable to find inner node Shared for hierarchical cache Hierarchy.
[2022.12.13-22.42.10:646][  0]LogSlate: Using FreeType 2.10.0
[2022.12.13-22.42.10:647][  0]LogSlate: SlateFontServices - WITH_FREETYPE: 1, WITH_HARFBUZZ: 1
[2022.12.13-22.42.10:687][  0]LogAssetRegistry: FAssetRegistry took 0.0028 seconds to start up
[2022.12.13-22.42.11:045][  0]LogInit: Selected Device Profile: [Windows]
[2022.12.13-22.42.11:045][  0]LogInit: Active device profile: [00000212A406ED00][000002129CF46740 49] Windows
[2022.12.13-22.42.11:045][  0]LogInit: Profiles: [00000212A406ED00][000002129CF46740 49] Windows, [00000212A5406800][000002129CF4A880 49] WindowsNoEditor, [00000212A406D100][000002129CF4E9C0 49] WindowsServer, [00000212A5406900][000002129CF52B00 49] WindowsClient, [00000212A406E800][00000212A4F98C80 49] IOS, [00000212A406D200][00000212A4F9CE00 49] iPadAir, [00000212A53E6100][00000212A4FA0F80 49] iPadAir2, [00000212A539CD00][00000212A4FA9240 49] IPadPro, [00000212A539CE00][00000212A4FA5280 49] iPadAir3, [00000212A53E4600][00000212A4FAD400 49] iPadAir4, [00000212A539C200][00000212A4FB1580 49] iPadMini2, [00000212A53E7800][00000212A4FB5700 49] iPadMini3, [00000212A539EE00][00000212A4FB9880 49] iPadMini4, [00000212A53E7600][00000212A4FBDA00 49] iPadMini5, [00000212A5407D00][00000212A4FC4140 49] iPhone6, [00000212A5407C00][00000212A4FC0180 49] iPodTouch6, [00000212A539C900][00000212A4FCC440 49] iPhone7, [00000212A539F600][00000212A4FC8480 49] iPodTouch7, [00000212A5405600][00000212A4FD0600 49] iPhone5S, [00000212A539D600][00000212A4FD4780 49] iPhone6Plus, [00000212A5407400][00000212A4FD8900 49] iPhone6S, [00000212A539D400][00000212A4F94A40 49] iPhone6SPlus, [00000212A5406300][00000212A4FDCB80 49] iPhone7Plus, [00000212A539E100][00000212A4FE0CC0 49] iPhoneSE, [00000212A5404C00][00000212A4FE8E40 49] iPhone8, [00000212A539CB00][00000212A4FECFC0 49] iPhone8Plus, [00000212A5404A00][00000212A4FF1140 49] iPhoneX, [00000212A539E800][00000212A4FF52C0 49] iPhoneXS, [00000212A5404200][00000212A4FF9440 49] iPhoneXSMax, [00000212A539C500][00000212A4FFD5C0 49] iPhoneXR, [00000212A5407500][00000212A5001740 49] iPhone11, [00000212A539F100][00000212A50058C0 49] iPhone11Pro, [00000212A5407B00][00000212A5009A40 49] iPhone11ProMax, [00000212A539FD00][00000212A500DBC0 49] iPhoneSE2, [00000212A5407800][00000212A50101C0 49] iPhone12Mini, [00000212A539C700][00000212A5014340 49] iPhone12, [00000212A5404D00][00000212A50184C0 49] iPhone12Pro, [00000212A539E900][00000212A501C640 49] iPhone12ProMax, [00000212A5407000][00000212A50207C0 49] iPadPro105, [00000212A539E500][00000212A5024940 49] iPadPro129, [00000212A5407F00][00000212A5028AC0 49] iPadPro97, [00000212A539E300][00000212A4FE4C00 49] iPadPro2_129, [00000212A5405F00][00000212A502CD40 49] iPad5, [00000212A539C800][00000212A5030E80 49] iPad6, [00000212A5405900][00000212A5034FC0 49] iPad7, [00000212A539FF00][00000212A503D140 49] iPad8, [00000212A5406500][00000212A60512C0 49] iPadPro11, [00000212A539EF00][00000212A6055440 49] iPadPro2_11, [00000212A5405800][00000212A60595C0 49] iPadPro3_129, [00000212A539E400][00000212A605D740 49] iPadPro4_129, [00000212A5404500][00000212A60618C0 49] AppleTV, [00000212A539DC00][00000212A6065A40 49] AppleTV4K, [00000212A5405C00][00000212A6069BC0 49] TVOS, [00000212A539EC00][00000212A606C1C0 49] Mac, [00000212A5406A00][00000212A6070340 49] MacClient, [00000212A539D200][00000212A60744C0 49] MacNoEditor, [00000212A5404800][00000212A6078640 49] MacServer, [00000212A539C100][00000212A607C7C0 49] Linux, [00000212A5407300][00000212A6080940 49] LinuxAArch64, [00000212A539E200][00000212A6084AC0 49] LinuxNoEditor, [00000212A5405100][00000212A6088C40 49] LinuxAArch64NoEditor, [00000212A539DF00][00000212A5038D80 49] LinuxClient, [00000212A5405D00][00000212A608CEC0 49] LinuxAArch64Client, [00000212A539EA00][00000212A6091000 49] LinuxServer, [00000212A5406400][00000212A6095140 49] LinuxAArch64Server, [00000212A539D100][00000212A609D2C0 49] Android, [00000212A53E4300][00000212A60A1440 49] Android_Low, [00000212A406DE00][00000212A60A55C0 49] Android_Mid, [00000212A53E7A00][00000212A60A9740 49] Android_High, [00000212A406F800][00000212A60AD8C0 49] Android_Default, [00000212A53E7900][00000212A60B1A40 49] Android_Adreno4xx, [00000212A406C700][00000212A60B5BC0 49] Android_Adreno5xx_Low, [00000212A53E7200][00000212A60B81C0 49] Android_Adreno5xx, [00000212A406D300][00000212A60BC340 49] Android_Adreno6xx, [00000212A53E5000][00000212A60C04C0 49] Android_Adreno6xx_Vulkan, [00000212A406C100][00000212A60C4640 49] Android_Mali_T6xx, [00000212A53E6E00][00000212A60C87C0 49] Android_Mali_T7xx, [00000212A406E500][00000212A610E940 49] Android_Mali_T8xx, [00000212A53E7B00][00000212A6112AC0 49] Android_Mali_G71, [00000212A406F000][00000212A6116C40 49] Android_Mali_G72, [00000212A53E7500][00000212A611ADC0 49] Android_Mali_G72_Vulkan, [00000212A406C600][00000212A611EF40 49] Android_Mali_G76, [00000212A53E4C00][00000212A6099080 49] Android_Mali_G76_Vulkan, [00000212A406EA00][00000212A61231C0 49] Android_Mali_G77, [00000212A53E6A00][00000212A6127300 49] Android_Mali_G77_Vulkan, [00000212A406CC00][00000212A612F480 49] Android_Mali_G78, [00000212A53E4800][00000212A6133600 49] Android_Mali_G78_Vulkan, [00000212A406D800][00000212A6137780 49] Android_Mali_G710, [00000212A53E4F00][00000212A613B900 49] Android_Mali_G710_Vulkan, [00000212A406D900][00000212A613FA80 49] Android_Vulkan_SM5, [00000212A53E6500][00000212A6143C00 49] Android_PowerVR_G6xxx, [00000212A406DD00][00000212A6146200 49] Android_PowerVR_GT7xxx, [00000212A53E6700][00000212A614A380 49] Android_PowerVR_GE8xxx, [00000212A406E900][00000212A614E500 49] Android_PowerVR_GM9xxx, [00000212A539DA00][00000212A6152680 49] Android_PowerVR_GM9xxx_Vulkan, [00000212A406DA00][00000212A6156800 49] Android_TegraK1, [00000212A539E600][00000212A615A980 49] Android_Unknown_Vulkan, [00000212A406D700][00000212A615EB00 49] Lumin, [00000212A539DE00][00000212A6162C80 49] Lumin_Desktop, [00000212A406C900][00000212A6166E00 49] HoloLens, 
[2022.12.13-22.42.11:257][  0]LogMeshReduction: Using QuadricMeshReduction for automatic static mesh reduction
[2022.12.13-22.42.11:257][  0]LogMeshReduction: Using SimplygonMeshReduction for automatic skeletal mesh reduction
[2022.12.13-22.42.11:257][  0]LogMeshReduction: Using ProxyLODMeshReduction for automatic mesh merging
[2022.12.13-22.42.11:257][  0]LogMeshReduction: No distributed automatic mesh merging module available
[2022.12.13-22.42.11:257][  0]LogMeshMerging: No distributed automatic mesh merging module available
[2022.12.13-22.42.11:287][  0]LogNetVersion: Larpse 1.0.0, NetCL: 17155196, EngineNetVer: 17, GameNetVer: 0 (Checksum: 2810804334)
[2022.12.13-22.42.11:755][  0]LogTexture: Default maximum texture size for cubemaps generated from long-lat sources has been changed from 512 to unlimited. In order to preserve old behaiour for '/Engine/MapTemplates/Sky/DaylightAmbientCubemap.DaylightAmbientCubemap', its maximum texture size has been explicitly set to 512.
[2022.12.13-22.42.11:839][  0]LogHMD: PokeAHoleMaterial loaded successfully
[2022.12.13-22.42.11:848][  0]LogUObjectArray: 17178 objects as part of root set at end of initial load.
[2022.12.13-22.42.11:848][  0]LogUObjectAllocator: 4302048 out of 0 bytes used by permanent object pool.
[2022.12.13-22.42.11:848][  0]LogUObjectArray: CloseDisregardForGC: 0/0 objects in disregard for GC pool
[2022.12.13-22.42.12:109][  0]LogNiagaraDebuggerClient: Niagara Debugger Client Initialized | Session: B6AAD2AE49BF302DCC9CF391051DE976 | Instance: 8BA43AB94EC909DCA7C666988E68F651 (DESKTOP-23VMMCK-20500).
[2022.12.13-22.42.12:145][  0]LogPython: Using Python 3.7.7
[2022.12.13-22.42.12:837][  0]LogUdpMessaging: Initializing bridge on interface 0.0.0.0:0 to multicast group 230.0.0.1:6666.
[2022.12.13-22.42.12:847][  0]LogTcpMessaging: Initializing TcpMessaging bridge
[2022.12.13-22.42.13:129][  0]LogOpenImageDenoise: OIDN starting up
[2022.12.13-22.42.13:170][  0]LogAndroidPermission: UAndroidPermissionCallbackProxy::GetInstance
[2022.12.13-22.42.13:191][  0]LogAudioCaptureCore: Display: No Audio Capture implementations found. Audio input will be silent.
[2022.12.13-22.42.13:191][  0]LogAudioCaptureCore: Display: No Audio Capture implementations found. Audio input will be silent.
[2022.12.13-22.42.13:382][  0]SourceControl: Source control is disabled
[2022.12.13-22.42.13:383][  0]SourceControl: Source control is disabled
[2022.12.13-22.42.13:386][  0]SourceControl: Source control is disabled
[2022.12.13-22.42.13:389][  0]SourceControl: Source control is disabled
[2022.12.13-22.42.13:392][  0]SourceControl: Source control is disabled
[2022.12.13-22.42.13:395][  0]LogUProjectInfo: Found projects:
[2022.12.13-22.42.13:415][  0]LogCollectionManager: Loaded 0 collections in 0.001730 seconds
[2022.12.13-22.42.13:443][  0]LogFileCache: Scanning file cache for directory 'C:/Users/slumb/OneDrive/Documents/games/Larpse/Larpse/Saved/Collections/' took 0.00s
[2022.12.13-22.42.13:443][  0]LogFileCache: Scanning file cache for directory 'C:/Users/slumb/OneDrive/Documents/games/Larpse/Larpse/Content/Developers/slumb/Collections/' took 0.00s
[2022.12.13-22.42.13:443][  0]LogFileCache: Scanning file cache for directory 'C:/Users/slumb/OneDrive/Documents/games/Larpse/Larpse/Content/Collections/' took 0.00s
[2022.12.13-22.42.13:443][  0]LogOcInput: OculusInput pre-init called
[2022.12.13-22.42.13:726][  0]LogEngine: Initializing Engine...
[2022.12.13-22.42.13:753][  0]LogHMD: Failed to enumerate extensions. Please check that you have a valid OpenXR runtime installed.
[2022.12.13-22.42.13:754][  0]LogHMD: Failed to initialize OpenVR with code 110
[2022.12.13-22.42.13:754][  0]LogMagicLeap: Warning: VR disabled because ZI is not enabled.  To enable, in the editor, Edit -> Project Settings -> Plugins -> Magic Leap Plugin -> Enable Zero Iteration
[2022.12.13-22.42.13:755][  0]LogStats: UGameplayTagsManager::InitializeManager -  0.000 s
[2022.12.13-22.42.13:915][  0]LogInit: Initializing FReadOnlyCVARCache
[2022.12.13-22.42.13:927][  0]LogAIModule: Creating AISystem for world Untitled
[2022.12.13-22.42.13:949][  0]LogAudio: Display: Initializing Audio Device Manager...
[2022.12.13-22.42.13:952][  0]LogAudio: Display: Loading Default Audio Settings Objects...
[2022.12.13-22.42.13:953][  0]LogAudio: Display: No default SoundConcurrencyObject specified (or failed to load).
[2022.12.13-22.42.13:954][  0]LogAudio: Display: Audio Device Manager Initialized
[2022.12.13-22.42.13:954][  0]LogAudio: Display: Creating Audio Device:                 Id: 1, Scope: Shared, Realtime: True
[2022.12.13-22.42.13:954][  0]LogAudioMixer: Display: Audio Mixer Platform Settings:
[2022.12.13-22.42.13:954][  0]LogAudioMixer: Display: 	Sample Rate:						  48000
[2022.12.13-22.42.13:954][  0]LogAudioMixer: Display: 	Callback Buffer Frame Size Requested: 1024
[2022.12.13-22.42.13:954][  0]LogAudioMixer: Display: 	Callback Buffer Frame Size To Use:	  1024
[2022.12.13-22.42.13:954][  0]LogAudioMixer: Display: 	Number of buffers to queue:			  2
[2022.12.13-22.42.13:954][  0]LogAudioMixer: Display: 	Max Channels (voices):				  32
[2022.12.13-22.42.13:954][  0]LogAudioMixer: Display: 	Number of Async Source Workers:		  0
[2022.12.13-22.42.13:954][  0]LogAudio: Display: AudioDevice MaxSources: 32
[2022.12.13-22.42.13:954][  0]LogAudio: Display: Audio Spatialization Plugin: None (built-in).
[2022.12.13-22.42.13:954][  0]LogAudio: Display: Audio Reverb Plugin: None (built-in).
[2022.12.13-22.42.13:954][  0]LogAudio: Display: Audio Occlusion Plugin: None (built-in).
[2022.12.13-22.42.13:954][  0]LogAudioMixer: Display: Initializing audio mixer.
[2022.12.13-22.42.13:966][  0]LogAudioMixer: Display: 0: FrontLeft
[2022.12.13-22.42.13:966][  0]LogAudioMixer: Display: 1: FrontRight
[2022.12.13-22.42.14:004][  0]LogAudioMixer: Display: Using Audio Device Speakers (High Definition Audio Device)
[2022.12.13-22.42.14:011][  0]LogAudioMixer: Display: Initializing Sound Submixes...
[2022.12.13-22.42.14:017][  0]LogAudioMixer: Display: Creating Master Submix 'MasterSubmixDefault'
[2022.12.13-22.42.14:018][  0]LogAudioMixer: Display: Creating Master Submix 'MasterReverbSubmixDefault'
[2022.12.13-22.42.14:020][  0]LogAudioMixer: Display: Creating Master Submix 'MasterEQSubmixDefault'
[2022.12.13-22.42.14:020][  0]LogAudioMixer: FMixerPlatformXAudio2::StartAudioStream() called
[2022.12.13-22.42.14:020][  0]LogAudioMixer: Display: Output buffers initialized: Frames=1024, Channels=2, Samples=2048
[2022.12.13-22.42.14:022][  0]LogAudioMixer: Display: Starting AudioMixerPlatformInterface::RunInternal()
[2022.12.13-22.42.14:022][  0]LogAudioMixer: Display: FMixerPlatformXAudio2::SubmitBuffer() called for the first time
[2022.12.13-22.42.14:022][  0]LogInit: FAudioDevice initialized.
[2022.12.13-22.42.14:023][  0]LogAudio: Display: Audio Device (ID: 1) registered with world 'Untitled'.
[2022.12.13-22.42.14:023][  0]LogNetVersion: Set ProjectVersion to 1.0.0.0. Version Checksum will be recalculated on next use.
[2022.12.13-22.42.14:090][  0]LogDerivedDataCache: Saved boot cache 0.07s 94MB C:/Users/slumb/AppData/Local/UnrealEngine/4.27/DerivedDataCache/Boot.ddc.
[2022.12.13-22.42.14:091][  0]LogInit: Texture streaming: Enabled
[2022.12.13-22.42.14:102][  0]LogAnalytics: Display: [UEEditor.Rocket.Release] APIServer = https://datarouter.ol.epicgames.com/. AppVersion = 4.27.2-18319896+++UE4+Release-4.27
[2022.12.13-22.42.14:106][  0]LogEngineSessionManager: EngineSessionManager initialized
[2022.12.13-22.42.14:106][  0]LogEditorSessionSummary: Verbose: Initializing EditorSessionSummaryWriter for editor session tracking
[2022.12.13-22.42.14:109][  0]LogEditorSessionSummary: EditorSessionSummaryWriter initialized
[2022.12.13-22.42.14:133][  0]LogInit: Transaction tracking system initialized
[2022.12.13-22.42.14:152][  0]BlueprintLog: New page: Editor Load
[2022.12.13-22.42.14:207][  0]LocalizationService: Localization service is disabled
[2022.12.13-22.42.14:229][  0]TimingProfiler: Initialize
[2022.12.13-22.42.14:229][  0]TimingProfiler: OnSessionChanged
[2022.12.13-22.42.14:229][  0]LoadingProfiler: Initialize
[2022.12.13-22.42.14:229][  0]LoadingProfiler: OnSessionChanged
[2022.12.13-22.42.14:229][  0]NetworkingProfiler: Initialize
[2022.12.13-22.42.14:229][  0]NetworkingProfiler: OnSessionChanged
[2022.12.13-22.42.14:229][  0]MemoryProfiler: Initialize
[2022.12.13-22.42.14:229][  0]MemoryProfiler: OnSessionChanged
[2022.12.13-22.42.14:389][  0]LogCook: Display: CookSettings for Memory: MemoryMaxUsedVirtual 0MiB, MemoryMaxUsedPhysical 16384MiB, MemoryMinFreeVirtual 0MiB, MemoryMinFreePhysical 1024MiB
[2022.12.13-22.42.14:389][  0]LogCook: Display: Mobile HDR setting 1
[2022.12.13-22.42.14:610][  0]LogFileCache: Scanning file cache for directory 'C:/Users/slumb/OneDrive/Documents/games/Larpse/Larpse/Content/' took 0.01s
[2022.12.13-22.42.14:813][  0]LogInit: Display: Engine is initialized. Leaving FEngineLoop::Init()
[2022.12.13-22.42.14:817][  0]SourceControl: Source control is disabled
[2022.12.13-22.42.14:817][  0]LogUnrealEdMisc: Loading editor; pre map load, took 7.897
[2022.12.13-22.42.14:817][  0]Cmd: MAP LOAD FILE="../../../Engine/Content/Maps/Templates/Template_Default.umap" TEMPLATE=1 SHOWPROGRESS=1 FEATURELEVEL=3
[2022.12.13-22.42.14:817][  0]LightingResults: New page: Lighting Build
[2022.12.13-22.42.14:819][  0]LogWorld: UWorld::CleanupWorld for Untitled, bSessionEnded=true, bCleanupResources=true
[2022.12.13-22.42.14:819][  0]LogSlate: InvalidateAllWidgets triggered.  All widgets were invalidated
[2022.12.13-22.42.14:819][  0]MapCheck: New page: Map Check
[2022.12.13-22.42.14:819][  0]LightingResults: New page: Lighting Build
[2022.12.13-22.42.14:824][  0]LogAudio: Display: Audio Device unregistered from world 'None'.
[2022.12.13-22.42.14:827][  0]LogUObjectHash: Compacting FUObjectHashTables data took   0.92ms
[2022.12.13-22.42.14:906][  0]LogTexture: Display: Building textures: DeprecatedTextureEB9CBE3C423008B5E8E130901E171C89 (BGRA8, 128X128)
[2022.12.13-22.42.14:915][  0]LogAudio: Display: Audio Device (ID: 1) registered with world 'Untitled_1'.
[2022.12.13-22.42.14:916][  0]LogAIModule: Creating AISystem for world Untitled_1
[2022.12.13-22.42.14:921][  0]LogEditorServer: Finished looking for orphan Actors (0.000 secs)
[2022.12.13-22.42.14:940][  0]LogUObjectHash: Compacting FUObjectHashTables data took   1.94ms
[2022.12.13-22.42.14:941][  0]Cmd: MAP CHECKDEP NOCLEARLOG
[2022.12.13-22.42.14:941][  0]MapCheck: Map check complete: 0 Error(s), 0 Warning(s), took 0.322ms to complete.
[2022.12.13-22.42.14:941][  0]LogFileHelpers: Loading map 'Template_Default' took 0.124
[2022.12.13-22.42.14:944][  0]LogUnrealEdMisc: Total Editor Startup Time, took 8.024
[2022.12.13-22.42.15:204][  0]LogSlate: Updating window title bar state: overlay mode, drag disabled, window buttons hidden, title bar hidden
[2022.12.13-22.42.15:222][  0]LogSlate: Updating window title bar state: overlay mode, drag disabled, window buttons hidden, title bar hidden
[2022.12.13-22.42.15:237][  0]LogSlate: Updating window title bar state: overlay mode, drag disabled, window buttons hidden, title bar hidden
[2022.12.13-22.42.15:245][  0]LogSlate: Updating window title bar state: overlay mode, drag disabled, window buttons hidden, title bar hidden
[2022.12.13-22.42.15:296][  0]LogNativeClassHierarchy: Verbose: Native class hierarchy populated in 0.0139 seconds. Added 3822 classes and 928 folders.
[2022.12.13-22.42.15:305][  0]LogNativeClassHierarchy: Verbose: Native class hierarchy updated for 'WidgetCarousel' in 0.0003 seconds. Added 0 classes and 0 folders.
[2022.12.13-22.42.15:320][  0]LogPakFile: PakFile PrimaryIndexSize=187
[2022.12.13-22.42.15:320][  0]LogPakFile: PakFile PathHashIndexSize=101
[2022.12.13-22.42.15:320][  0]LogPakFile: PakFile FullDirectoryIndexSize=148
[2022.12.13-22.42.15:322][  0]LogShaderLibrary: Display: ShaderCodeLibraryPakFileMountedCallback: PakFile 'C:/Program Files/Epic Games/UE_4.27/FeaturePacks/FP_FirstPerson.upack' (chunk index -1, root 'root:/') mounted
[2022.12.13-22.42.15:322][  0]LogShaderLibrary: Display: ShaderCodeLibraryPakFileMountedCallback: pending pak file info (ChunkID:-1 Root:root:/ File:C:/Program Files/Epic Games/UE_4.27/FeaturePacks/FP_FirstPerson.upack)
[2022.12.13-22.42.15:322][  0]LogPakFile: OnPakFileMounted2Time == 0.001893
[2022.12.13-22.42.15:328][  0]LogPakFile: PakFile PrimaryIndexSize=189
[2022.12.13-22.42.15:328][  0]LogPakFile: PakFile PathHashIndexSize=101
[2022.12.13-22.42.15:329][  0]LogPakFile: PakFile FullDirectoryIndexSize=152
[2022.12.13-22.42.15:329][  0]LogShaderLibrary: Display: ShaderCodeLibraryPakFileMountedCallback: PakFile 'C:/Program Files/Epic Games/UE_4.27/FeaturePacks/FP_FirstPersonBP.upack' (chunk index -1, root 'root:/') mounted
[2022.12.13-22.42.15:329][  0]LogShaderLibrary: Display: ShaderCodeLibraryPakFileMountedCallback: pending pak file info (ChunkID:-1 Root:root:/ File:C:/Program Files/Epic Games/UE_4.27/FeaturePacks/FP_FirstPersonBP.upack)
[2022.12.13-22.42.15:329][  0]LogPakFile: OnPakFileMounted2Time == 0.000131
[2022.12.13-22.42.15:335][  0]LogPakFile: PakFile PrimaryIndexSize=191
[2022.12.13-22.42.15:335][  0]LogPakFile: PakFile PathHashIndexSize=101
[2022.12.13-22.42.15:335][  0]LogPakFile: PakFile FullDirectoryIndexSize=160
[2022.12.13-22.42.15:335][  0]LogShaderLibrary: Display: ShaderCodeLibraryPakFileMountedCallback: PakFile 'C:/Program Files/Epic Games/UE_4.27/FeaturePacks/MobileStarterContent.upack' (chunk index -1, root 'root:/') mounted
[2022.12.13-22.42.15:335][  0]LogShaderLibrary: Display: ShaderCodeLibraryPakFileMountedCallback: pending pak file info (ChunkID:-1 Root:root:/ File:C:/Program Files/Epic Games/UE_4.27/FeaturePacks/MobileStarterContent.upack)
[2022.12.13-22.42.15:336][  0]LogPakFile: OnPakFileMounted2Time == 0.000037
[2022.12.13-22.42.15:341][  0]LogPakFile: PakFile PrimaryIndexSize=185
[2022.12.13-22.42.15:341][  0]LogPakFile: PakFile PathHashIndexSize=101
[2022.12.13-22.42.15:341][  0]LogPakFile: PakFile FullDirectoryIndexSize=148
[2022.12.13-22.42.15:341][  0]LogShaderLibrary: Display: ShaderCodeLibraryPakFileMountedCallback: PakFile 'C:/Program Files/Epic Games/UE_4.27/FeaturePacks/StarterContent.upack' (chunk index -1, root 'root:/') mounted
[2022.12.13-22.42.15:341][  0]LogShaderLibrary: Display: ShaderCodeLibraryPakFileMountedCallback: pending pak file info (ChunkID:-1 Root:root:/ File:C:/Program Files/Epic Games/UE_4.27/FeaturePacks/StarterContent.upack)
[2022.12.13-22.42.15:341][  0]LogPakFile: OnPakFileMounted2Time == 0.000040
[2022.12.13-22.42.15:347][  0]LogPakFile: PakFile PrimaryIndexSize=190
[2022.12.13-22.42.15:347][  0]LogPakFile: PakFile PathHashIndexSize=101
[2022.12.13-22.42.15:347][  0]LogPakFile: PakFile FullDirectoryIndexSize=154
[2022.12.13-22.42.15:347][  0]LogShaderLibrary: Display: ShaderCodeLibraryPakFileMountedCallback: PakFile 'C:/Program Files/Epic Games/UE_4.27/FeaturePacks/TP_2DSideScroller.upack' (chunk index -1, root 'root:/') mounted
[2022.12.13-22.42.15:347][  0]LogShaderLibrary: Display: ShaderCodeLibraryPakFileMountedCallback: pending pak file info (ChunkID:-1 Root:root:/ File:C:/Program Files/Epic Games/UE_4.27/FeaturePacks/TP_2DSideScroller.upack)
[2022.12.13-22.42.15:347][  0]LogPakFile: OnPakFileMounted2Time == 0.000048
[2022.12.13-22.42.15:351][  0]LogPakFile: PakFile PrimaryIndexSize=192
[2022.12.13-22.42.15:351][  0]LogPakFile: PakFile PathHashIndexSize=101
[2022.12.13-22.42.15:351][  0]LogPakFile: PakFile FullDirectoryIndexSize=158
[2022.12.13-22.42.15:351][  0]LogShaderLibrary: Display: ShaderCodeLibraryPakFileMountedCallback: PakFile 'C:/Program Files/Epic Games/UE_4.27/FeaturePacks/TP_2DSideScrollerBP.upack' (chunk index -1, root 'root:/') mounted
[2022.12.13-22.42.15:351][  0]LogShaderLibrary: Display: ShaderCodeLibraryPakFileMountedCallback: pending pak file info (ChunkID:-1 Root:root:/ File:C:/Program Files/Epic Games/UE_4.27/FeaturePacks/TP_2DSideScrollerBP.upack)
[2022.12.13-22.42.15:351][  0]LogPakFile: OnPakFileMounted2Time == 0.000039
[2022.12.13-22.42.15:357][  0]LogPakFile: PakFile PrimaryIndexSize=182
[2022.12.13-22.42.15:357][  0]LogPakFile: PakFile PathHashIndexSize=101
[2022.12.13-22.42.15:357][  0]LogPakFile: PakFile FullDirectoryIndexSize=138
[2022.12.13-22.42.15:357][  0]LogShaderLibrary: Display: ShaderCodeLibraryPakFileMountedCallback: PakFile 'C:/Program Files/Epic Games/UE_4.27/FeaturePacks/TP_Flying.upack' (chunk index -1, root 'root:/') mounted
[2022.12.13-22.42.15:357][  0]LogShaderLibrary: Display: ShaderCodeLibraryPakFileMountedCallback: pending pak file info (ChunkID:-1 Root:root:/ File:C:/Program Files/Epic Games/UE_4.27/FeaturePacks/TP_Flying.upack)
[2022.12.13-22.42.15:357][  0]LogPakFile: OnPakFileMounted2Time == 0.000038
[2022.12.13-22.42.15:362][  0]LogPakFile: PakFile PrimaryIndexSize=184
[2022.12.13-22.42.15:362][  0]LogPakFile: PakFile PathHashIndexSize=101
[2022.12.13-22.42.15:362][  0]LogPakFile: PakFile FullDirectoryIndexSize=142
[2022.12.13-22.42.15:362][  0]LogShaderLibrary: Display: ShaderCodeLibraryPakFileMountedCallback: PakFile 'C:/Program Files/Epic Games/UE_4.27/FeaturePacks/TP_FlyingBP.upack' (chunk index -1, root 'root:/') mounted
[2022.12.13-22.42.15:362][  0]LogShaderLibrary: Display: ShaderCodeLibraryPakFileMountedCallback: pending pak file info (ChunkID:-1 Root:root:/ File:C:/Program Files/Epic Games/UE_4.27/FeaturePacks/TP_FlyingBP.upack)
[2022.12.13-22.42.15:362][  0]LogPakFile: OnPakFileMounted2Time == 0.000063
[2022.12.13-22.42.15:367][  0]LogPakFile: PakFile PrimaryIndexSize=188
[2022.12.13-22.42.15:367][  0]LogPakFile: PakFile PathHashIndexSize=101
[2022.12.13-22.42.15:367][  0]LogPakFile: PakFile FullDirectoryIndexSize=150
[2022.12.13-22.42.15:367][  0]LogShaderLibrary: Display: ShaderCodeLibraryPakFileMountedCallback: PakFile 'C:/Program Files/Epic Games/UE_4.27/FeaturePacks/TP_HandheldARBP.upack' (chunk index -1, root 'root:/') mounted
[2022.12.13-22.42.15:367][  0]LogShaderLibrary: Display: ShaderCodeLibraryPakFileMountedCallback: pending pak file info (ChunkID:-1 Root:root:/ File:C:/Program Files/Epic Games/UE_4.27/FeaturePacks/TP_HandheldARBP.upack)
[2022.12.13-22.42.15:367][  0]LogPakFile: OnPakFileMounted2Time == 0.000037
[2022.12.13-22.42.15:373][  0]LogPakFile: PakFile PrimaryIndexSize=182
[2022.12.13-22.42.15:373][  0]LogPakFile: PakFile PathHashIndexSize=101
[2022.12.13-22.42.15:373][  0]LogPakFile: PakFile FullDirectoryIndexSize=138
[2022.12.13-22.42.15:373][  0]LogShaderLibrary: Display: ShaderCodeLibraryPakFileMountedCallback: PakFile 'C:/Program Files/Epic Games/UE_4.27/FeaturePacks/TP_Puzzle.upack' (chunk index -1, root 'root:/') mounted
[2022.12.13-22.42.15:373][  0]LogShaderLibrary: Display: ShaderCodeLibraryPakFileMountedCallback: pending pak file info (ChunkID:-1 Root:root:/ File:C:/Program Files/Epic Games/UE_4.27/FeaturePacks/TP_Puzzle.upack)
[2022.12.13-22.42.15:373][  0]LogPakFile: OnPakFileMounted2Time == 0.000037
[2022.12.13-22.42.15:377][  0]LogPakFile: PakFile PrimaryIndexSize=184
[2022.12.13-22.42.15:377][  0]LogPakFile: PakFile PathHashIndexSize=101
[2022.12.13-22.42.15:377][  0]LogPakFile: PakFile FullDirectoryIndexSize=142
[2022.12.13-22.42.15:377][  0]LogShaderLibrary: Display: ShaderCodeLibraryPakFileMountedCallback: PakFile 'C:/Program Files/Epic Games/UE_4.27/FeaturePacks/TP_PuzzleBP.upack' (chunk index -1, root 'root:/') mounted
[2022.12.13-22.42.15:377][  0]LogShaderLibrary: Display: ShaderCodeLibraryPakFileMountedCallback: pending pak file info (ChunkID:-1 Root:root:/ File:C:/Program Files/Epic Games/UE_4.27/FeaturePacks/TP_PuzzleBP.upack)
[2022.12.13-22.42.15:377][  0]LogPakFile: OnPakFileMounted2Time == 0.000036
[2022.12.13-22.42.15:381][  0]LogPakFile: PakFile PrimaryIndexSize=183
[2022.12.13-22.42.15:381][  0]LogPakFile: PakFile PathHashIndexSize=101
[2022.12.13-22.42.15:381][  0]LogPakFile: PakFile FullDirectoryIndexSize=140
[2022.12.13-22.42.15:381][  0]LogShaderLibrary: Display: ShaderCodeLibraryPakFileMountedCallback: PakFile 'C:/Program Files/Epic Games/UE_4.27/FeaturePacks/TP_Rolling.upack' (chunk index -1, root 'root:/') mounted
[2022.12.13-22.42.15:381][  0]LogShaderLibrary: Display: ShaderCodeLibraryPakFileMountedCallback: pending pak file info (ChunkID:-1 Root:root:/ File:C:/Program Files/Epic Games/UE_4.27/FeaturePacks/TP_Rolling.upack)
[2022.12.13-22.42.15:381][  0]LogPakFile: OnPakFileMounted2Time == 0.000046
[2022.12.13-22.42.15:385][  0]LogPakFile: PakFile PrimaryIndexSize=185
[2022.12.13-22.42.15:385][  0]LogPakFile: PakFile PathHashIndexSize=101
[2022.12.13-22.42.15:385][  0]LogPakFile: PakFile FullDirectoryIndexSize=144
[2022.12.13-22.42.15:385][  0]LogShaderLibrary: Display: ShaderCodeLibraryPakFileMountedCallback: PakFile 'C:/Program Files/Epic Games/UE_4.27/FeaturePacks/TP_RollingBP.upack' (chunk index -1, root 'root:/') mounted
[2022.12.13-22.42.15:385][  0]LogShaderLibrary: Display: ShaderCodeLibraryPakFileMountedCallback: pending pak file info (ChunkID:-1 Root:root:/ File:C:/Program Files/Epic Games/UE_4.27/FeaturePacks/TP_RollingBP.upack)
[2022.12.13-22.42.15:385][  0]LogPakFile: OnPakFileMounted2Time == 0.000041
[2022.12.13-22.42.15:388][  0]LogPakFile: PakFile PrimaryIndexSize=188
[2022.12.13-22.42.15:388][  0]LogPakFile: PakFile PathHashIndexSize=101
[2022.12.13-22.42.15:388][  0]LogPakFile: PakFile FullDirectoryIndexSize=150
[2022.12.13-22.42.15:388][  0]LogShaderLibrary: Display: ShaderCodeLibraryPakFileMountedCallback: PakFile 'C:/Program Files/Epic Games/UE_4.27/FeaturePacks/TP_SideScroller.upack' (chunk index -1, root 'root:/') mounted
[2022.12.13-22.42.15:388][  0]LogShaderLibrary: Display: ShaderCodeLibraryPakFileMountedCallback: pending pak file info (ChunkID:-1 Root:root:/ File:C:/Program Files/Epic Games/UE_4.27/FeaturePacks/TP_SideScroller.upack)
[2022.12.13-22.42.15:388][  0]LogPakFile: OnPakFileMounted2Time == 0.000036
[2022.12.13-22.42.15:392][  0]LogPakFile: PakFile PrimaryIndexSize=190
[2022.12.13-22.42.15:392][  0]LogPakFile: PakFile PathHashIndexSize=101
[2022.12.13-22.42.15:392][  0]LogPakFile: PakFile FullDirectoryIndexSize=154
[2022.12.13-22.42.15:392][  0]LogShaderLibrary: Display: ShaderCodeLibraryPakFileMountedCallback: PakFile 'C:/Program Files/Epic Games/UE_4.27/FeaturePacks/TP_SideScrollerBP.upack' (chunk index -1, root 'root:/') mounted
[2022.12.13-22.42.15:392][  0]LogShaderLibrary: Display: ShaderCodeLibraryPakFileMountedCallback: pending pak file info (ChunkID:-1 Root:root:/ File:C:/Program Files/Epic Games/UE_4.27/FeaturePacks/TP_SideScrollerBP.upack)
[2022.12.13-22.42.15:392][  0]LogPakFile: OnPakFileMounted2Time == 0.000036
[2022.12.13-22.42.15:396][  0]LogPakFile: PakFile PrimaryIndexSize=187
[2022.12.13-22.42.15:396][  0]LogPakFile: PakFile PathHashIndexSize=101
[2022.12.13-22.42.15:396][  0]LogPakFile: PakFile FullDirectoryIndexSize=148
[2022.12.13-22.42.15:396][  0]LogShaderLibrary: Display: ShaderCodeLibraryPakFileMountedCallback: PakFile 'C:/Program Files/Epic Games/UE_4.27/FeaturePacks/TP_ThirdPerson.upack' (chunk index -1, root 'root:/') mounted
[2022.12.13-22.42.15:396][  0]LogShaderLibrary: Display: ShaderCodeLibraryPakFileMountedCallback: pending pak file info (ChunkID:-1 Root:root:/ File:C:/Program Files/Epic Games/UE_4.27/FeaturePacks/TP_ThirdPerson.upack)
[2022.12.13-22.42.15:396][  0]LogPakFile: OnPakFileMounted2Time == 0.000037
[2022.12.13-22.42.15:400][  0]LogPakFile: PakFile PrimaryIndexSize=189
[2022.12.13-22.42.15:400][  0]LogPakFile: PakFile PathHashIndexSize=101
[2022.12.13-22.42.15:400][  0]LogPakFile: PakFile FullDirectoryIndexSize=152
[2022.12.13-22.42.15:400][  0]LogShaderLibrary: Display: ShaderCodeLibraryPakFileMountedCallback: PakFile 'C:/Program Files/Epic Games/UE_4.27/FeaturePacks/TP_ThirdPersonBP.upack' (chunk index -1, root 'root:/') mounted
[2022.12.13-22.42.15:400][  0]LogShaderLibrary: Display: ShaderCodeLibraryPakFileMountedCallback: pending pak file info (ChunkID:-1 Root:root:/ File:C:/Program Files/Epic Games/UE_4.27/FeaturePacks/TP_ThirdPersonBP.upack)
[2022.12.13-22.42.15:400][  0]LogPakFile: OnPakFileMounted2Time == 0.000036
[2022.12.13-22.42.15:404][  0]LogPakFile: PakFile PrimaryIndexSize=183
[2022.12.13-22.42.15:404][  0]LogPakFile: PakFile PathHashIndexSize=101
[2022.12.13-22.42.15:404][  0]LogPakFile: PakFile FullDirectoryIndexSize=140
[2022.12.13-22.42.15:404][  0]LogShaderLibrary: Display: ShaderCodeLibraryPakFileMountedCallback: PakFile 'C:/Program Files/Epic Games/UE_4.27/FeaturePacks/TP_TopDown.upack' (chunk index -1, root 'root:/') mounted
[2022.12.13-22.42.15:404][  0]LogShaderLibrary: Display: ShaderCodeLibraryPakFileMountedCallback: pending pak file info (ChunkID:-1 Root:root:/ File:C:/Program Files/Epic Games/UE_4.27/FeaturePacks/TP_TopDown.upack)
[2022.12.13-22.42.15:404][  0]LogPakFile: OnPakFileMounted2Time == 0.000045
[2022.12.13-22.42.15:408][  0]LogPakFile: PakFile PrimaryIndexSize=185
[2022.12.13-22.42.15:408][  0]LogPakFile: PakFile PathHashIndexSize=101
[2022.12.13-22.42.15:408][  0]LogPakFile: PakFile FullDirectoryIndexSize=144
[2022.12.13-22.42.15:408][  0]LogShaderLibrary: Display: ShaderCodeLibraryPakFileMountedCallback: PakFile 'C:/Program Files/Epic Games/UE_4.27/FeaturePacks/TP_TopDownBP.upack' (chunk index -1, root 'root:/') mounted
[2022.12.13-22.42.15:408][  0]LogShaderLibrary: Display: ShaderCodeLibraryPakFileMountedCallback: pending pak file info (ChunkID:-1 Root:root:/ File:C:/Program Files/Epic Games/UE_4.27/FeaturePacks/TP_TopDownBP.upack)
[2022.12.13-22.42.15:408][  0]LogPakFile: OnPakFileMounted2Time == 0.000040
[2022.12.13-22.42.15:411][  0]LogPakFile: PakFile PrimaryIndexSize=185
[2022.12.13-22.42.15:411][  0]LogPakFile: PakFile PathHashIndexSize=101
[2022.12.13-22.42.15:411][  0]LogPakFile: PakFile FullDirectoryIndexSize=144
[2022.12.13-22.42.15:411][  0]LogShaderLibrary: Display: ShaderCodeLibraryPakFileMountedCallback: PakFile 'C:/Program Files/Epic Games/UE_4.27/FeaturePacks/TP_TwinStick.upack' (chunk index -1, root 'root:/') mounted
[2022.12.13-22.42.15:411][  0]LogShaderLibrary: Display: ShaderCodeLibraryPakFileMountedCallback: pending pak file info (ChunkID:-1 Root:root:/ File:C:/Program Files/Epic Games/UE_4.27/FeaturePacks/TP_TwinStick.upack)
[2022.12.13-22.42.15:411][  0]LogPakFile: OnPakFileMounted2Time == 0.000036
[2022.12.13-22.42.15:416][  0]LogPakFile: PakFile PrimaryIndexSize=187
[2022.12.13-22.42.15:416][  0]LogPakFile: PakFile PathHashIndexSize=101
[2022.12.13-22.42.15:416][  0]LogPakFile: PakFile FullDirectoryIndexSize=148
[2022.12.13-22.42.15:416][  0]LogShaderLibrary: Display: ShaderCodeLibraryPakFileMountedCallback: PakFile 'C:/Program Files/Epic Games/UE_4.27/FeaturePacks/TP_TwinStickBP.upack' (chunk index -1, root 'root:/') mounted
[2022.12.13-22.42.15:416][  0]LogShaderLibrary: Display: ShaderCodeLibraryPakFileMountedCallback: pending pak file info (ChunkID:-1 Root:root:/ File:C:/Program Files/Epic Games/UE_4.27/FeaturePacks/TP_TwinStickBP.upack)
[2022.12.13-22.42.15:416][  0]LogPakFile: OnPakFileMounted2Time == 0.000036
[2022.12.13-22.42.15:420][  0]LogPakFile: PakFile PrimaryIndexSize=183
[2022.12.13-22.42.15:420][  0]LogPakFile: PakFile PathHashIndexSize=101
[2022.12.13-22.42.15:420][  0]LogPakFile: PakFile FullDirectoryIndexSize=140
[2022.12.13-22.42.15:420][  0]LogShaderLibrary: Display: ShaderCodeLibraryPakFileMountedCallback: PakFile 'C:/Program Files/Epic Games/UE_4.27/FeaturePacks/TP_Vehicle.upack' (chunk index -1, root 'root:/') mounted
[2022.12.13-22.42.15:420][  0]LogShaderLibrary: Display: ShaderCodeLibraryPakFileMountedCallback: pending pak file info (ChunkID:-1 Root:root:/ File:C:/Program Files/Epic Games/UE_4.27/FeaturePacks/TP_Vehicle.upack)
[2022.12.13-22.42.15:420][  0]LogPakFile: OnPakFileMounted2Time == 0.000036
[2022.12.13-22.42.15:426][  0]LogPakFile: PakFile PrimaryIndexSize=186
[2022.12.13-22.42.15:426][  0]LogPakFile: PakFile PathHashIndexSize=101
[2022.12.13-22.42.15:426][  0]LogPakFile: PakFile FullDirectoryIndexSize=146
[2022.12.13-22.42.15:426][  0]LogShaderLibrary: Display: ShaderCodeLibraryPakFileMountedCallback: PakFile 'C:/Program Files/Epic Games/UE_4.27/FeaturePacks/TP_VehicleAdv.upack' (chunk index -1, root 'root:/') mounted
[2022.12.13-22.42.15:426][  0]LogShaderLibrary: Display: ShaderCodeLibraryPakFileMountedCallback: pending pak file info (ChunkID:-1 Root:root:/ File:C:/Program Files/Epic Games/UE_4.27/FeaturePacks/TP_VehicleAdv.upack)
[2022.12.13-22.42.15:426][  0]LogPakFile: OnPakFileMounted2Time == 0.000041
[2022.12.13-22.42.15:431][  0]LogPakFile: PakFile PrimaryIndexSize=188
[2022.12.13-22.42.15:431][  0]LogPakFile: PakFile PathHashIndexSize=101
[2022.12.13-22.42.15:431][  0]LogPakFile: PakFile FullDirectoryIndexSize=150
[2022.12.13-22.42.15:431][  0]LogShaderLibrary: Display: ShaderCodeLibraryPakFileMountedCallback: PakFile 'C:/Program Files/Epic Games/UE_4.27/FeaturePacks/TP_VehicleAdvBP.upack' (chunk index -1, root 'root:/') mounted
[2022.12.13-22.42.15:431][  0]LogShaderLibrary: Display: ShaderCodeLibraryPakFileMountedCallback: pending pak file info (ChunkID:-1 Root:root:/ File:C:/Program Files/Epic Games/UE_4.27/FeaturePacks/TP_VehicleAdvBP.upack)
[2022.12.13-22.42.15:431][  0]LogPakFile: OnPakFileMounted2Time == 0.000037
[2022.12.13-22.42.15:435][  0]LogPakFile: PakFile PrimaryIndexSize=185
[2022.12.13-22.42.15:435][  0]LogPakFile: PakFile PathHashIndexSize=101
[2022.12.13-22.42.15:435][  0]LogPakFile: PakFile FullDirectoryIndexSize=144
[2022.12.13-22.42.15:435][  0]LogShaderLibrary: Display: ShaderCodeLibraryPakFileMountedCallback: PakFile 'C:/Program Files/Epic Games/UE_4.27/FeaturePacks/TP_VehicleBP.upack' (chunk index -1, root 'root:/') mounted
[2022.12.13-22.42.15:435][  0]LogShaderLibrary: Display: ShaderCodeLibraryPakFileMountedCallback: pending pak file info (ChunkID:-1 Root:root:/ File:C:/Program Files/Epic Games/UE_4.27/FeaturePacks/TP_VehicleBP.upack)
[2022.12.13-22.42.15:435][  0]LogPakFile: OnPakFileMounted2Time == 0.000041
[2022.12.13-22.42.15:440][  0]LogPakFile: PakFile PrimaryIndexSize=192
[2022.12.13-22.42.15:440][  0]LogPakFile: PakFile PathHashIndexSize=101
[2022.12.13-22.42.15:440][  0]LogPakFile: PakFile FullDirectoryIndexSize=158
[2022.12.13-22.42.15:440][  0]LogShaderLibrary: Display: ShaderCodeLibraryPakFileMountedCallback: PakFile 'C:/Program Files/Epic Games/UE_4.27/FeaturePacks/TP_VirtualRealityBP.upack' (chunk index -1, root 'root:/') mounted
[2022.12.13-22.42.15:440][  0]LogShaderLibrary: Display: ShaderCodeLibraryPakFileMountedCallback: pending pak file info (ChunkID:-1 Root:root:/ File:C:/Program Files/Epic Games/UE_4.27/FeaturePacks/TP_VirtualRealityBP.upack)
[2022.12.13-22.42.15:440][  0]LogPakFile: OnPakFileMounted2Time == 0.000036
[2022.12.13-22.42.15:794][  0]LogNativeClassHierarchy: Verbose: Native class hierarchy updated for 'AddContentDialog' in 0.0006 seconds. Added 0 classes and 0 folders.
[2022.12.13-22.42.15:802][  0]LogNativeClassHierarchy: Verbose: Native class hierarchy updated for 'SceneOutliner' in 0.0006 seconds. Added 2 classes and 0 folders.
[2022.12.13-22.42.15:928][  0]LogSlate: Took 0.000334 seconds to synchronously load lazily loaded font '../../../Engine/Content/Slate/Fonts/Roboto-Regular.ttf' (155K)
[2022.12.13-22.42.15:937][  0]LogSlate: Took 0.005944 seconds to synchronously load lazily loaded font '../../../Engine/Content/Editor/Slate/Fonts/FontAwesome.ttf' (139K)
[2022.12.13-22.42.15:938][  0]LogSlate: Took 0.000185 seconds to synchronously load lazily loaded font '../../../Engine/Content/Slate/Fonts/Roboto-Bold.ttf' (160K)
[2022.12.13-22.42.16:161][  0]LogRenderer: Reallocating scene render targets to support 1208x572 Format 10 NumSamples 1 (Frame:1).
[2022.12.13-22.42.16:387][  0]LogNativeClassHierarchy: Verbose: Native class hierarchy updated for 'HierarchicalLODOutliner' in 0.0003 seconds. Added 0 classes and 0 folders.
[2022.12.13-22.42.16:387][  0]LogLoad: (Engine Initialization) Total time: 9.47 seconds
[2022.12.13-22.42.16:387][  0]LogLoad: (Engine Initialization) Total Blueprint compile time: 0.00 seconds
[2022.12.13-22.42.16:435][  0]LogAssetRegistry: Asset discovery search completed in 5.7480 seconds
[2022.12.13-22.42.16:441][  0]LogCollectionManager: Fixed up redirectors for 0 collections in 0.000004 seconds (updated 0 objects)
[2022.12.13-22.42.16:444][  0]LogContentStreaming: Texture pool size now 1000 MB
[2022.12.13-22.42.46:510][819]LogSlate: Took 0.006233 seconds to synchronously load lazily loaded font '../../../Engine/Content/Slate/Fonts/Roboto-Italic.ttf' (157K)
[2022.12.13-23.41.16:929][655]LogRenderer: Reallocating scene render targets to support 1208x600 Format 10 NumSamples 1 (Frame:2501).
[2022.12.14-00.52.49:038][480]LogAudioMixer: Resetting audio stream to device id 
[2022.12.14-00.52.49:046][480]LogAudioMixer: Display: 0: FrontLeft
[2022.12.14-00.52.49:046][480]LogAudioMixer: Display: 1: FrontRight
[2022.12.14-01.19.55:686][488]LogD3D11RHI: Timed out while waiting for GPU to catch up. (0.5 s) (ErrorCode 00000001) (00000000)
[2022.12.14-01.19.55:725][488]LogAudioMixer: Resetting audio stream to device id 
[2022.12.14-01.19.55:941][488]LogAudioMixer: Display: 0: FrontLeft
[2022.12.14-01.19.55:941][488]LogAudioMixer: Display: 1: FrontRight
[2022.12.14-01.19.58:272][496]LogHttp: Warning: 00000212BE37F200: invalid HTTP response code received. URL: https://datarouter.ol.epicgames.com/datarouter/api/v1/public/data?SessionID=%7BD1CBA2C2-4E72-CD1E-3213-41AEC03518FD%7D&AppID=UEEditor.Rocket.Release&AppVersion=4.27.2-18319896%2B%2B%2BUE4%2BRelease-4.27&UserID=cd99225741463dc21bfeeb974cc74959%7C326061266bc04236a2c8d066f2719c13%7Cbb929da3-9071-4af9-9aa7-66f0d9de3b2d&AppEnvironment=datacollector-binary&UploadType=eteventstream, HTTP code: 0, content length: 0, actual payload size: 0
[2022.12.14-01.19.58:272][496]LogHttp: Warning: 00000212BE37F200: request failed, libcurl error: 56 (Failure when receiving data from the peer)
[2022.12.14-01.19.58:272][496]LogHttp: Warning: 00000212BE37F200: libcurl info message cache 0 (Found bundle for host datarouter.ol.epicgames.com: 0x21282b0beb0 [can pipeline])
[2022.12.14-01.19.58:272][496]LogHttp: Warning: 00000212BE37F200: libcurl info message cache 1 (Re-using existing connection! (#0) with host datarouter.ol.epicgames.com)
[2022.12.14-01.19.58:272][496]LogHttp: Warning: 00000212BE37F200: libcurl info message cache 2 (Connected to datarouter.ol.epicgames.com (3.230.54.226) port 443 (#0))
[2022.12.14-01.19.58:272][496]LogHttp: Warning: 00000212BE37F200: libcurl info message cache 3 (We are completely uploaded and fine)
[2022.12.14-01.19.58:272][496]LogHttp: Warning: 00000212BE37F200: libcurl info message cache 4 (OpenSSL SSL_read: SSL_ERROR_SYSCALL, errno 10054)
[2022.12.14-01.19.58:272][496]LogHttp: Warning: 00000212BE37F200: libcurl info message cache 5 (Connection died, retrying a fresh connect)
[2022.12.14-01.19.58:272][496]LogHttp: Warning: 00000212BE37F200: libcurl info message cache 6 (necessary data rewind wasn't possible)
[2022.12.14-01.19.58:272][496]LogHttp: Warning: 00000212BE37F200: libcurl info message cache 7 (Closing connection 0)
[2022.12.14-01.19.58:272][496]LogHttp: Warning: Retry exhausted on https://datarouter.ol.epicgames.com/datarouter/api/v1/public/data?SessionID=%7BD1CBA2C2-4E72-CD1E-3213-41AEC03518FD%7D&AppID=UEEditor.Rocket.Release&AppVersion=4.27.2-18319896%2B%2B%2BUE4%2BRelease-4.27&UserID=cd99225741463dc21bfeeb974cc74959%7C326061266bc04236a2c8d066f2719c13%7Cbb929da3-9071-4af9-9aa7-66f0d9de3b2d&AppEnvironment=datacollector-binary&UploadType=eteventstream
